{"D:\\sarana-erp\\apps\\core-service\\src\\index.js": {"path":"D:\\sarana-erp\\apps\\core-service\\src\\index.js","statementMap":{"0":{"start":{"line":6,"column":16},"end":{"line":6,"column":34}},"1":{"start":{"line":7,"column":13},"end":{"line":7,"column":28}},"2":{"start":{"line":8,"column":15},"end":{"line":8,"column":32}},"3":{"start":{"line":9,"column":15},"end":{"line":9,"column":32}},"4":{"start":{"line":10,"column":17},"end":{"line":10,"column":36}},"5":{"start":{"line":13,"column":12},"end":{"line":13,"column":21}},"6":{"start":{"line":14,"column":13},"end":{"line":14,"column":37}},"7":{"start":{"line":17,"column":0},"end":{"line":17,"column":18}},"8":{"start":{"line":18,"column":0},"end":{"line":18,"column":16}},"9":{"start":{"line":19,"column":0},"end":{"line":19,"column":24}},"10":{"start":{"line":20,"column":0},"end":{"line":20,"column":28}},"11":{"start":{"line":23,"column":17},"end":{"line":23,"column":82}},"12":{"start":{"line":24,"column":0},"end":{"line":26,"column":65}},"13":{"start":{"line":25,"column":14},"end":{"line":25,"column":49}},"14":{"start":{"line":26,"column":16},"end":{"line":26,"column":63}},"15":{"start":{"line":29,"column":23},"end":{"line":46,"column":2}},"16":{"start":{"line":49,"column":17},"end":{"line":49,"column":59}},"17":{"start":{"line":52,"column":0},"end":{"line":61,"column":3}},"18":{"start":{"line":53,"column":2},"end":{"line":60,"column":3}},"19":{"start":{"line":54,"column":21},"end":{"line":54,"column":43}},"20":{"start":{"line":55,"column":4},"end":{"line":55,"column":26}},"21":{"start":{"line":56,"column":4},"end":{"line":56,"column":35}},"22":{"start":{"line":58,"column":4},"end":{"line":58,"column":51}},"23":{"start":{"line":59,"column":4},"end":{"line":59,"column":63}},"24":{"start":{"line":63,"column":0},"end":{"line":71,"column":3}},"25":{"start":{"line":64,"column":2},"end":{"line":70,"column":3}},"26":{"start":{"line":65,"column":22},"end":{"line":65,"column":43}},"27":{"start":{"line":66,"column":4},"end":{"line":66,"column":36}},"28":{"start":{"line":68,"column":4},"end":{"line":68,"column":49}},"29":{"start":{"line":69,"column":4},"end":{"line":69,"column":63}},"30":{"start":{"line":73,"column":0},"end":{"line":84,"column":3}},"31":{"start":{"line":74,"column":2},"end":{"line":83,"column":3}},"32":{"start":{"line":75,"column":21},"end":{"line":75,"column":59}},"33":{"start":{"line":76,"column":4},"end":{"line":78,"column":5}},"34":{"start":{"line":77,"column":6},"end":{"line":77,"column":69}},"35":{"start":{"line":79,"column":4},"end":{"line":79,"column":35}},"36":{"start":{"line":81,"column":4},"end":{"line":81,"column":48}},"37":{"start":{"line":82,"column":4},"end":{"line":82,"column":63}},"38":{"start":{"line":86,"column":0},"end":{"line":101,"column":3}},"39":{"start":{"line":87,"column":2},"end":{"line":100,"column":3}},"40":{"start":{"line":88,"column":21},"end":{"line":92,"column":5}},"41":{"start":{"line":93,"column":4},"end":{"line":95,"column":5}},"42":{"start":{"line":94,"column":6},"end":{"line":94,"column":69}},"43":{"start":{"line":96,"column":4},"end":{"line":96,"column":35}},"44":{"start":{"line":98,"column":4},"end":{"line":98,"column":51}},"45":{"start":{"line":99,"column":4},"end":{"line":99,"column":63}},"46":{"start":{"line":103,"column":0},"end":{"line":114,"column":3}},"47":{"start":{"line":104,"column":2},"end":{"line":113,"column":3}},"48":{"start":{"line":105,"column":21},"end":{"line":105,"column":68}},"49":{"start":{"line":106,"column":4},"end":{"line":108,"column":5}},"50":{"start":{"line":107,"column":6},"end":{"line":107,"column":69}},"51":{"start":{"line":109,"column":4},"end":{"line":109,"column":71}},"52":{"start":{"line":111,"column":4},"end":{"line":111,"column":51}},"53":{"start":{"line":112,"column":4},"end":{"line":112,"column":63}},"54":{"start":{"line":117,"column":0},"end":{"line":119,"column":3}},"55":{"start":{"line":118,"column":2},"end":{"line":118,"column":41}},"56":{"start":{"line":122,"column":0},"end":{"line":124,"column":3}},"57":{"start":{"line":123,"column":2},"end":{"line":123,"column":68}},"58":{"start":{"line":126,"column":0},"end":{"line":126,"column":21}}},"fnMap":{"0":{"name":"(anonymous_0)","decl":{"start":{"line":25,"column":8},"end":{"line":25,"column":9}},"loc":{"start":{"line":25,"column":14},"end":{"line":25,"column":49}},"line":25},"1":{"name":"(anonymous_1)","decl":{"start":{"line":26,"column":9},"end":{"line":26,"column":10}},"loc":{"start":{"line":26,"column":16},"end":{"line":26,"column":63}},"line":26},"2":{"name":"(anonymous_2)","decl":{"start":{"line":52,"column":23},"end":{"line":52,"column":24}},"loc":{"start":{"line":52,"column":43},"end":{"line":61,"column":1}},"line":52},"3":{"name":"(anonymous_3)","decl":{"start":{"line":63,"column":22},"end":{"line":63,"column":23}},"loc":{"start":{"line":63,"column":42},"end":{"line":71,"column":1}},"line":63},"4":{"name":"(anonymous_4)","decl":{"start":{"line":73,"column":26},"end":{"line":73,"column":27}},"loc":{"start":{"line":73,"column":46},"end":{"line":84,"column":1}},"line":73},"5":{"name":"(anonymous_5)","decl":{"start":{"line":86,"column":26},"end":{"line":86,"column":27}},"loc":{"start":{"line":86,"column":46},"end":{"line":101,"column":1}},"line":86},"6":{"name":"(anonymous_6)","decl":{"start":{"line":103,"column":29},"end":{"line":103,"column":30}},"loc":{"start":{"line":103,"column":49},"end":{"line":114,"column":1}},"line":103},"7":{"name":"(anonymous_7)","decl":{"start":{"line":117,"column":19},"end":{"line":117,"column":20}},"loc":{"start":{"line":117,"column":33},"end":{"line":119,"column":1}},"line":117},"8":{"name":"(anonymous_8)","decl":{"start":{"line":122,"column":17},"end":{"line":122,"column":18}},"loc":{"start":{"line":122,"column":23},"end":{"line":124,"column":1}},"line":122}},"branchMap":{"0":{"loc":{"start":{"line":14,"column":13},"end":{"line":14,"column":37}},"type":"binary-expr","locations":[{"start":{"line":14,"column":13},"end":{"line":14,"column":29}},{"start":{"line":14,"column":33},"end":{"line":14,"column":37}}],"line":14},"1":{"loc":{"start":{"line":23,"column":17},"end":{"line":23,"column":82}},"type":"binary-expr","locations":[{"start":{"line":23,"column":17},"end":{"line":23,"column":38}},{"start":{"line":23,"column":42},"end":{"line":23,"column":82}}],"line":23},"2":{"loc":{"start":{"line":76,"column":4},"end":{"line":78,"column":5}},"type":"if","locations":[{"start":{"line":76,"column":4},"end":{"line":78,"column":5}},{"start":{},"end":{}}],"line":76},"3":{"loc":{"start":{"line":93,"column":4},"end":{"line":95,"column":5}},"type":"if","locations":[{"start":{"line":93,"column":4},"end":{"line":95,"column":5}},{"start":{},"end":{}}],"line":93},"4":{"loc":{"start":{"line":106,"column":4},"end":{"line":108,"column":5}},"type":"if","locations":[{"start":{"line":106,"column":4},"end":{"line":108,"column":5}},{"start":{},"end":{}}],"line":106}},"s":{"0":0,"1":0,"2":0,"3":0,"4":0,"5":0,"6":0,"7":0,"8":0,"9":0,"10":0,"11":0,"12":0,"13":0,"14":0,"15":0,"16":0,"17":0,"18":0,"19":0,"20":0,"21":0,"22":0,"23":0,"24":0,"25":0,"26":0,"27":0,"28":0,"29":0,"30":0,"31":0,"32":0,"33":0,"34":0,"35":0,"36":0,"37":0,"38":0,"39":0,"40":0,"41":0,"42":0,"43":0,"44":0,"45":0,"46":0,"47":0,"48":0,"49":0,"50":0,"51":0,"52":0,"53":0,"54":0,"55":0,"56":0,"57":0,"58":0},"f":{"0":0,"1":0,"2":0,"3":0,"4":0,"5":0,"6":0,"7":0,"8":0},"b":{"0":[0,0],"1":[0,0],"2":[0,0],"3":[0,0],"4":[0,0]}}
,"D:\\sarana-erp\\apps\\core-service\\src\\server.js": {"path":"D:\\sarana-erp\\apps\\core-service\\src\\server.js","statementMap":{"0":{"start":{"line":6,"column":0},"end":{"line":6,"column":27}},"1":{"start":{"line":7,"column":16},"end":{"line":7,"column":34}},"2":{"start":{"line":8,"column":13},"end":{"line":8,"column":28}},"3":{"start":{"line":9,"column":15},"end":{"line":9,"column":32}},"4":{"start":{"line":10,"column":15},"end":{"line":10,"column":32}},"5":{"start":{"line":11,"column":20},"end":{"line":11,"column":42}},"6":{"start":{"line":12,"column":19},"end":{"line":12,"column":37}},"7":{"start":{"line":13,"column":18},"end":{"line":13,"column":46}},"8":{"start":{"line":14,"column":21},"end":{"line":14,"column":45}},"9":{"start":{"line":15,"column":15},"end":{"line":15,"column":38}},"10":{"start":{"line":18,"column":12},"end":{"line":18,"column":21}},"11":{"start":{"line":21,"column":0},"end":{"line":21,"column":12}},"12":{"start":{"line":24,"column":0},"end":{"line":24,"column":16}},"13":{"start":{"line":25,"column":0},"end":{"line":25,"column":18}},"14":{"start":{"line":26,"column":0},"end":{"line":26,"column":23}},"15":{"start":{"line":27,"column":0},"end":{"line":27,"column":41}},"16":{"start":{"line":28,"column":0},"end":{"line":28,"column":63}},"17":{"start":{"line":29,"column":0},"end":{"line":29,"column":55}},"18":{"start":{"line":32,"column":0},"end":{"line":32,"column":18}},"19":{"start":{"line":35,"column":0},"end":{"line":35,"column":24}},"20":{"start":{"line":38,"column":0},"end":{"line":45,"column":3}},"21":{"start":{"line":39,"column":2},"end":{"line":44,"column":5}},"22":{"start":{"line":48,"column":0},"end":{"line":56,"column":3}},"23":{"start":{"line":49,"column":2},"end":{"line":49,"column":66}},"24":{"start":{"line":51,"column":2},"end":{"line":55,"column":5}},"25":{"start":{"line":59,"column":13},"end":{"line":59,"column":37}},"26":{"start":{"line":60,"column":0},"end":{"line":62,"column":3}},"27":{"start":{"line":61,"column":2},"end":{"line":61,"column":54}},"28":{"start":{"line":64,"column":0},"end":{"line":64,"column":21}}},"fnMap":{"0":{"name":"(anonymous_0)","decl":{"start":{"line":38,"column":19},"end":{"line":38,"column":20}},"loc":{"start":{"line":38,"column":33},"end":{"line":45,"column":1}},"line":38},"1":{"name":"(anonymous_1)","decl":{"start":{"line":48,"column":8},"end":{"line":48,"column":9}},"loc":{"start":{"line":48,"column":33},"end":{"line":56,"column":1}},"line":48},"2":{"name":"(anonymous_2)","decl":{"start":{"line":60,"column":17},"end":{"line":60,"column":18}},"loc":{"start":{"line":60,"column":23},"end":{"line":62,"column":1}},"line":60}},"branchMap":{"0":{"loc":{"start":{"line":51,"column":13},"end":{"line":51,"column":30}},"type":"binary-expr","locations":[{"start":{"line":51,"column":13},"end":{"line":51,"column":23}},{"start":{"line":51,"column":27},"end":{"line":51,"column":30}}],"line":51},"1":{"loc":{"start":{"line":53,"column":13},"end":{"line":53,"column":51}},"type":"binary-expr","locations":[{"start":{"line":53,"column":13},"end":{"line":53,"column":24}},{"start":{"line":53,"column":28},"end":{"line":53,"column":51}}],"line":53},"2":{"loc":{"start":{"line":54,"column":11},"end":{"line":54,"column":73}},"type":"cond-expr","locations":[{"start":{"line":54,"column":52},"end":{"line":54,"column":61}},{"start":{"line":54,"column":64},"end":{"line":54,"column":73}}],"line":54},"3":{"loc":{"start":{"line":59,"column":13},"end":{"line":59,"column":37}},"type":"binary-expr","locations":[{"start":{"line":59,"column":13},"end":{"line":59,"column":29}},{"start":{"line":59,"column":33},"end":{"line":59,"column":37}}],"line":59}},"s":{"0":0,"1":0,"2":0,"3":0,"4":0,"5":0,"6":0,"7":0,"8":0,"9":0,"10":0,"11":0,"12":0,"13":0,"14":0,"15":0,"16":0,"17":0,"18":0,"19":0,"20":0,"21":0,"22":0,"23":0,"24":0,"25":0,"26":0,"27":0,"28":0},"f":{"0":0,"1":0,"2":0},"b":{"0":[0,0],"1":[0,0],"2":[0,0],"3":[0,0]}}
,"D:\\sarana-erp\\apps\\core-service\\src\\api\\controllers\\branchController.js": {"path":"D:\\sarana-erp\\apps\\core-service\\src\\api\\controllers\\branchController.js","statementMap":{"0":{"start":{"line":6,"column":23},"end":{"line":6,"column":68}},"1":{"start":{"line":7,"column":19},"end":{"line":7,"column":41}},"2":{"start":{"line":15,"column":21},"end":{"line":36,"column":1}},"3":{"start":{"line":16,"column":2},"end":{"line":35,"column":3}},"4":{"start":{"line":17,"column":23},"end":{"line":17,"column":31}},"5":{"start":{"line":18,"column":19},"end":{"line":18,"column":30}},"6":{"start":{"line":20,"column":19},"end":{"line":20,"column":72}},"7":{"start":{"line":22,"column":4},"end":{"line":26,"column":7}},"8":{"start":{"line":28,"column":4},"end":{"line":28,"column":82}},"9":{"start":{"line":30,"column":4},"end":{"line":34,"column":7}},"10":{"start":{"line":44,"column":18},"end":{"line":70,"column":1}},"11":{"start":{"line":45,"column":2},"end":{"line":69,"column":3}},"12":{"start":{"line":46,"column":19},"end":{"line":46,"column":29}},"13":{"start":{"line":48,"column":19},"end":{"line":48,"column":53}},"14":{"start":{"line":50,"column":4},"end":{"line":53,"column":7}},"15":{"start":{"line":55,"column":4},"end":{"line":55,"column":104}},"16":{"start":{"line":57,"column":4},"end":{"line":62,"column":5}},"17":{"start":{"line":58,"column":6},"end":{"line":61,"column":9}},"18":{"start":{"line":64,"column":4},"end":{"line":68,"column":7}},"19":{"start":{"line":78,"column":21},"end":{"line":107,"column":1}},"20":{"start":{"line":79,"column":2},"end":{"line":106,"column":3}},"21":{"start":{"line":80,"column":19},"end":{"line":80,"column":29}},"22":{"start":{"line":81,"column":23},"end":{"line":81,"column":31}},"23":{"start":{"line":82,"column":19},"end":{"line":82,"column":30}},"24":{"start":{"line":84,"column":19},"end":{"line":84,"column":76}},"25":{"start":{"line":86,"column":4},"end":{"line":90,"column":7}},"26":{"start":{"line":92,"column":4},"end":{"line":92,"column":107}},"27":{"start":{"line":94,"column":4},"end":{"line":99,"column":5}},"28":{"start":{"line":95,"column":6},"end":{"line":98,"column":9}},"29":{"start":{"line":101,"column":4},"end":{"line":105,"column":7}},"30":{"start":{"line":115,"column":21},"end":{"line":148,"column":1}},"31":{"start":{"line":116,"column":2},"end":{"line":147,"column":3}},"32":{"start":{"line":117,"column":19},"end":{"line":117,"column":29}},"33":{"start":{"line":119,"column":4},"end":{"line":119,"column":42}},"34":{"start":{"line":121,"column":4},"end":{"line":124,"column":7}},"35":{"start":{"line":126,"column":4},"end":{"line":126,"column":107}},"36":{"start":{"line":128,"column":4},"end":{"line":133,"column":5}},"37":{"start":{"line":129,"column":6},"end":{"line":132,"column":9}},"38":{"start":{"line":135,"column":4},"end":{"line":140,"column":5}},"39":{"start":{"line":136,"column":6},"end":{"line":139,"column":9}},"40":{"start":{"line":142,"column":4},"end":{"line":146,"column":7}},"41":{"start":{"line":156,"column":21},"end":{"line":191,"column":1}},"42":{"start":{"line":157,"column":2},"end":{"line":190,"column":3}},"43":{"start":{"line":158,"column":101},"end":{"line":158,"column":110}},"44":{"start":{"line":161,"column":19},"end":{"line":161,"column":21}},"45":{"start":{"line":162,"column":4},"end":{"line":162,"column":39}},"46":{"start":{"line":162,"column":16},"end":{"line":162,"column":39}},"47":{"start":{"line":163,"column":4},"end":{"line":163,"column":33}},"48":{"start":{"line":163,"column":14},"end":{"line":163,"column":33}},"49":{"start":{"line":164,"column":4},"end":{"line":164,"column":39}},"50":{"start":{"line":164,"column":16},"end":{"line":164,"column":39}},"51":{"start":{"line":167,"column":17},"end":{"line":167,"column":19}},"52":{"start":{"line":168,"column":4},"end":{"line":168,"column":48}},"53":{"start":{"line":170,"column":19},"end":{"line":175,"column":6}},"54":{"start":{"line":177,"column":4},"end":{"line":181,"column":7}},"55":{"start":{"line":183,"column":4},"end":{"line":183,"column":100}},"56":{"start":{"line":185,"column":4},"end":{"line":189,"column":7}},"57":{"start":{"line":199,"column":27},"end":{"line":225,"column":1}},"58":{"start":{"line":200,"column":2},"end":{"line":224,"column":3}},"59":{"start":{"line":201,"column":19},"end":{"line":201,"column":29}},"60":{"start":{"line":203,"column":22},"end":{"line":203,"column":73}},"61":{"start":{"line":205,"column":4},"end":{"line":208,"column":7}},"62":{"start":{"line":210,"column":4},"end":{"line":210,"column":113}},"63":{"start":{"line":212,"column":4},"end":{"line":217,"column":5}},"64":{"start":{"line":213,"column":6},"end":{"line":216,"column":9}},"65":{"start":{"line":219,"column":4},"end":{"line":223,"column":7}},"66":{"start":{"line":233,"column":27},"end":{"line":269,"column":1}},"67":{"start":{"line":234,"column":2},"end":{"line":268,"column":3}},"68":{"start":{"line":235,"column":19},"end":{"line":235,"column":29}},"69":{"start":{"line":236,"column":31},"end":{"line":236,"column":39}},"70":{"start":{"line":237,"column":19},"end":{"line":237,"column":30}},"71":{"start":{"line":239,"column":19},"end":{"line":239,"column":86}},"72":{"start":{"line":241,"column":4},"end":{"line":245,"column":7}},"73":{"start":{"line":247,"column":4},"end":{"line":247,"column":113}},"74":{"start":{"line":249,"column":4},"end":{"line":254,"column":5}},"75":{"start":{"line":250,"column":6},"end":{"line":253,"column":9}},"76":{"start":{"line":256,"column":4},"end":{"line":261,"column":5}},"77":{"start":{"line":257,"column":6},"end":{"line":260,"column":9}},"78":{"start":{"line":263,"column":4},"end":{"line":267,"column":7}},"79":{"start":{"line":277,"column":28},"end":{"line":306,"column":1}},"80":{"start":{"line":278,"column":2},"end":{"line":305,"column":3}},"81":{"start":{"line":279,"column":19},"end":{"line":279,"column":29}},"82":{"start":{"line":280,"column":20},"end":{"line":280,"column":28}},"83":{"start":{"line":281,"column":19},"end":{"line":281,"column":30}},"84":{"start":{"line":283,"column":19},"end":{"line":283,"column":80}},"85":{"start":{"line":285,"column":4},"end":{"line":289,"column":7}},"86":{"start":{"line":291,"column":4},"end":{"line":291,"column":114}},"87":{"start":{"line":293,"column":4},"end":{"line":298,"column":5}},"88":{"start":{"line":294,"column":6},"end":{"line":297,"column":9}},"89":{"start":{"line":300,"column":4},"end":{"line":304,"column":7}},"90":{"start":{"line":314,"column":30},"end":{"line":343,"column":1}},"91":{"start":{"line":315,"column":2},"end":{"line":342,"column":3}},"92":{"start":{"line":316,"column":19},"end":{"line":316,"column":29}},"93":{"start":{"line":317,"column":22},"end":{"line":317,"column":30}},"94":{"start":{"line":318,"column":19},"end":{"line":318,"column":30}},"95":{"start":{"line":320,"column":19},"end":{"line":320,"column":84}},"96":{"start":{"line":322,"column":4},"end":{"line":326,"column":7}},"97":{"start":{"line":328,"column":4},"end":{"line":328,"column":116}},"98":{"start":{"line":330,"column":4},"end":{"line":335,"column":5}},"99":{"start":{"line":331,"column":6},"end":{"line":334,"column":9}},"100":{"start":{"line":337,"column":4},"end":{"line":341,"column":7}},"101":{"start":{"line":351,"column":26},"end":{"line":380,"column":1}},"102":{"start":{"line":352,"column":2},"end":{"line":379,"column":3}},"103":{"start":{"line":353,"column":19},"end":{"line":353,"column":29}},"104":{"start":{"line":354,"column":21},"end":{"line":354,"column":29}},"105":{"start":{"line":355,"column":19},"end":{"line":355,"column":30}},"106":{"start":{"line":357,"column":19},"end":{"line":357,"column":73}},"107":{"start":{"line":359,"column":4},"end":{"line":363,"column":7}},"108":{"start":{"line":365,"column":4},"end":{"line":365,"column":112}},"109":{"start":{"line":367,"column":4},"end":{"line":372,"column":5}},"110":{"start":{"line":368,"column":6},"end":{"line":371,"column":9}},"111":{"start":{"line":374,"column":4},"end":{"line":378,"column":7}},"112":{"start":{"line":388,"column":29},"end":{"line":415,"column":1}},"113":{"start":{"line":389,"column":2},"end":{"line":414,"column":3}},"114":{"start":{"line":390,"column":31},"end":{"line":390,"column":41}},"115":{"start":{"line":391,"column":19},"end":{"line":391,"column":30}},"116":{"start":{"line":393,"column":4},"end":{"line":393,"column":64}},"117":{"start":{"line":395,"column":4},"end":{"line":398,"column":7}},"118":{"start":{"line":400,"column":4},"end":{"line":400,"column":150}},"119":{"start":{"line":402,"column":4},"end":{"line":407,"column":5}},"120":{"start":{"line":403,"column":6},"end":{"line":406,"column":9}},"121":{"start":{"line":409,"column":4},"end":{"line":413,"column":7}},"122":{"start":{"line":423,"column":37},"end":{"line":452,"column":1}},"123":{"start":{"line":424,"column":2},"end":{"line":451,"column":3}},"124":{"start":{"line":425,"column":19},"end":{"line":425,"column":29}},"125":{"start":{"line":426,"column":29},"end":{"line":426,"column":37}},"126":{"start":{"line":427,"column":19},"end":{"line":427,"column":30}},"127":{"start":{"line":429,"column":19},"end":{"line":429,"column":98}},"128":{"start":{"line":431,"column":4},"end":{"line":435,"column":7}},"129":{"start":{"line":437,"column":4},"end":{"line":437,"column":123}},"130":{"start":{"line":439,"column":4},"end":{"line":444,"column":5}},"131":{"start":{"line":440,"column":6},"end":{"line":443,"column":9}},"132":{"start":{"line":446,"column":4},"end":{"line":450,"column":7}},"133":{"start":{"line":454,"column":0},"end":{"line":467,"column":2}}},"fnMap":{"0":{"name":"(anonymous_0)","decl":{"start":{"line":15,"column":21},"end":{"line":15,"column":22}},"loc":{"start":{"line":15,"column":41},"end":{"line":36,"column":1}},"line":15},"1":{"name":"(anonymous_1)","decl":{"start":{"line":44,"column":18},"end":{"line":44,"column":19}},"loc":{"start":{"line":44,"column":38},"end":{"line":70,"column":1}},"line":44},"2":{"name":"(anonymous_2)","decl":{"start":{"line":78,"column":21},"end":{"line":78,"column":22}},"loc":{"start":{"line":78,"column":41},"end":{"line":107,"column":1}},"line":78},"3":{"name":"(anonymous_3)","decl":{"start":{"line":115,"column":21},"end":{"line":115,"column":22}},"loc":{"start":{"line":115,"column":41},"end":{"line":148,"column":1}},"line":115},"4":{"name":"(anonymous_4)","decl":{"start":{"line":156,"column":21},"end":{"line":156,"column":22}},"loc":{"start":{"line":156,"column":41},"end":{"line":191,"column":1}},"line":156},"5":{"name":"(anonymous_5)","decl":{"start":{"line":199,"column":27},"end":{"line":199,"column":28}},"loc":{"start":{"line":199,"column":47},"end":{"line":225,"column":1}},"line":199},"6":{"name":"(anonymous_6)","decl":{"start":{"line":233,"column":27},"end":{"line":233,"column":28}},"loc":{"start":{"line":233,"column":47},"end":{"line":269,"column":1}},"line":233},"7":{"name":"(anonymous_7)","decl":{"start":{"line":277,"column":28},"end":{"line":277,"column":29}},"loc":{"start":{"line":277,"column":48},"end":{"line":306,"column":1}},"line":277},"8":{"name":"(anonymous_8)","decl":{"start":{"line":314,"column":30},"end":{"line":314,"column":31}},"loc":{"start":{"line":314,"column":50},"end":{"line":343,"column":1}},"line":314},"9":{"name":"(anonymous_9)","decl":{"start":{"line":351,"column":26},"end":{"line":351,"column":27}},"loc":{"start":{"line":351,"column":46},"end":{"line":380,"column":1}},"line":351},"10":{"name":"(anonymous_10)","decl":{"start":{"line":388,"column":29},"end":{"line":388,"column":30}},"loc":{"start":{"line":388,"column":49},"end":{"line":415,"column":1}},"line":388},"11":{"name":"(anonymous_11)","decl":{"start":{"line":423,"column":37},"end":{"line":423,"column":38}},"loc":{"start":{"line":423,"column":57},"end":{"line":452,"column":1}},"line":423}},"branchMap":{"0":{"loc":{"start":{"line":30,"column":22},"end":{"line":30,"column":45}},"type":"binary-expr","locations":[{"start":{"line":30,"column":22},"end":{"line":30,"column":38}},{"start":{"line":30,"column":42},"end":{"line":30,"column":45}}],"line":30},"1":{"loc":{"start":{"line":32,"column":15},"end":{"line":32,"column":57}},"type":"binary-expr","locations":[{"start":{"line":32,"column":15},"end":{"line":32,"column":28}},{"start":{"line":32,"column":32},"end":{"line":32,"column":57}}],"line":32},"2":{"loc":{"start":{"line":33,"column":13},"end":{"line":33,"column":77}},"type":"cond-expr","locations":[{"start":{"line":33,"column":54},"end":{"line":33,"column":65}},{"start":{"line":33,"column":68},"end":{"line":33,"column":77}}],"line":33},"3":{"loc":{"start":{"line":57,"column":4},"end":{"line":62,"column":5}},"type":"if","locations":[{"start":{"line":57,"column":4},"end":{"line":62,"column":5}},{"start":{},"end":{}}],"line":57},"4":{"loc":{"start":{"line":67,"column":13},"end":{"line":67,"column":77}},"type":"cond-expr","locations":[{"start":{"line":67,"column":54},"end":{"line":67,"column":65}},{"start":{"line":67,"column":68},"end":{"line":67,"column":77}}],"line":67},"5":{"loc":{"start":{"line":94,"column":4},"end":{"line":99,"column":5}},"type":"if","locations":[{"start":{"line":94,"column":4},"end":{"line":99,"column":5}},{"start":{},"end":{}}],"line":94},"6":{"loc":{"start":{"line":104,"column":13},"end":{"line":104,"column":77}},"type":"cond-expr","locations":[{"start":{"line":104,"column":54},"end":{"line":104,"column":65}},{"start":{"line":104,"column":68},"end":{"line":104,"column":77}}],"line":104},"7":{"loc":{"start":{"line":128,"column":4},"end":{"line":133,"column":5}},"type":"if","locations":[{"start":{"line":128,"column":4},"end":{"line":133,"column":5}},{"start":{},"end":{}}],"line":128},"8":{"loc":{"start":{"line":135,"column":4},"end":{"line":140,"column":5}},"type":"if","locations":[{"start":{"line":135,"column":4},"end":{"line":140,"column":5}},{"start":{},"end":{}}],"line":135},"9":{"loc":{"start":{"line":145,"column":13},"end":{"line":145,"column":77}},"type":"cond-expr","locations":[{"start":{"line":145,"column":54},"end":{"line":145,"column":65}},{"start":{"line":145,"column":68},"end":{"line":145,"column":77}}],"line":145},"10":{"loc":{"start":{"line":158,"column":12},"end":{"line":158,"column":20}},"type":"default-arg","locations":[{"start":{"line":158,"column":19},"end":{"line":158,"column":20}}],"line":158},"11":{"loc":{"start":{"line":158,"column":22},"end":{"line":158,"column":32}},"type":"default-arg","locations":[{"start":{"line":158,"column":30},"end":{"line":158,"column":32}}],"line":158},"12":{"loc":{"start":{"line":158,"column":56},"end":{"line":158,"column":76}},"type":"default-arg","locations":[{"start":{"line":158,"column":65},"end":{"line":158,"column":76}}],"line":158},"13":{"loc":{"start":{"line":158,"column":78},"end":{"line":158,"column":96}},"type":"default-arg","locations":[{"start":{"line":158,"column":90},"end":{"line":158,"column":96}}],"line":158},"14":{"loc":{"start":{"line":162,"column":4},"end":{"line":162,"column":39}},"type":"if","locations":[{"start":{"line":162,"column":4},"end":{"line":162,"column":39}},{"start":{},"end":{}}],"line":162},"15":{"loc":{"start":{"line":163,"column":4},"end":{"line":163,"column":33}},"type":"if","locations":[{"start":{"line":163,"column":4},"end":{"line":163,"column":33}},{"start":{},"end":{}}],"line":163},"16":{"loc":{"start":{"line":164,"column":4},"end":{"line":164,"column":39}},"type":"if","locations":[{"start":{"line":164,"column":4},"end":{"line":164,"column":39}},{"start":{},"end":{}}],"line":164},"17":{"loc":{"start":{"line":168,"column":19},"end":{"line":168,"column":47}},"type":"cond-expr","locations":[{"start":{"line":168,"column":41},"end":{"line":168,"column":42}},{"start":{"line":168,"column":45},"end":{"line":168,"column":47}}],"line":168},"18":{"loc":{"start":{"line":188,"column":13},"end":{"line":188,"column":77}},"type":"cond-expr","locations":[{"start":{"line":188,"column":54},"end":{"line":188,"column":65}},{"start":{"line":188,"column":68},"end":{"line":188,"column":77}}],"line":188},"19":{"loc":{"start":{"line":203,"column":62},"end":{"line":203,"column":72}},"type":"binary-expr","locations":[{"start":{"line":203,"column":62},"end":{"line":203,"column":64}},{"start":{"line":203,"column":68},"end":{"line":203,"column":72}}],"line":203},"20":{"loc":{"start":{"line":212,"column":4},"end":{"line":217,"column":5}},"type":"if","locations":[{"start":{"line":212,"column":4},"end":{"line":217,"column":5}},{"start":{},"end":{}}],"line":212},"21":{"loc":{"start":{"line":222,"column":13},"end":{"line":222,"column":77}},"type":"cond-expr","locations":[{"start":{"line":222,"column":54},"end":{"line":222,"column":65}},{"start":{"line":222,"column":68},"end":{"line":222,"column":77}}],"line":222},"22":{"loc":{"start":{"line":249,"column":4},"end":{"line":254,"column":5}},"type":"if","locations":[{"start":{"line":249,"column":4},"end":{"line":254,"column":5}},{"start":{},"end":{}}],"line":249},"23":{"loc":{"start":{"line":256,"column":4},"end":{"line":261,"column":5}},"type":"if","locations":[{"start":{"line":256,"column":4},"end":{"line":261,"column":5}},{"start":{},"end":{}}],"line":256},"24":{"loc":{"start":{"line":266,"column":13},"end":{"line":266,"column":77}},"type":"cond-expr","locations":[{"start":{"line":266,"column":54},"end":{"line":266,"column":65}},{"start":{"line":266,"column":68},"end":{"line":266,"column":77}}],"line":266},"25":{"loc":{"start":{"line":293,"column":4},"end":{"line":298,"column":5}},"type":"if","locations":[{"start":{"line":293,"column":4},"end":{"line":298,"column":5}},{"start":{},"end":{}}],"line":293},"26":{"loc":{"start":{"line":303,"column":13},"end":{"line":303,"column":77}},"type":"cond-expr","locations":[{"start":{"line":303,"column":54},"end":{"line":303,"column":65}},{"start":{"line":303,"column":68},"end":{"line":303,"column":77}}],"line":303},"27":{"loc":{"start":{"line":330,"column":4},"end":{"line":335,"column":5}},"type":"if","locations":[{"start":{"line":330,"column":4},"end":{"line":335,"column":5}},{"start":{},"end":{}}],"line":330},"28":{"loc":{"start":{"line":340,"column":13},"end":{"line":340,"column":77}},"type":"cond-expr","locations":[{"start":{"line":340,"column":54},"end":{"line":340,"column":65}},{"start":{"line":340,"column":68},"end":{"line":340,"column":77}}],"line":340},"29":{"loc":{"start":{"line":367,"column":4},"end":{"line":372,"column":5}},"type":"if","locations":[{"start":{"line":367,"column":4},"end":{"line":372,"column":5}},{"start":{},"end":{}}],"line":367},"30":{"loc":{"start":{"line":377,"column":13},"end":{"line":377,"column":77}},"type":"cond-expr","locations":[{"start":{"line":377,"column":54},"end":{"line":377,"column":65}},{"start":{"line":377,"column":68},"end":{"line":377,"column":77}}],"line":377},"31":{"loc":{"start":{"line":402,"column":4},"end":{"line":407,"column":5}},"type":"if","locations":[{"start":{"line":402,"column":4},"end":{"line":407,"column":5}},{"start":{},"end":{}}],"line":402},"32":{"loc":{"start":{"line":412,"column":13},"end":{"line":412,"column":77}},"type":"cond-expr","locations":[{"start":{"line":412,"column":54},"end":{"line":412,"column":65}},{"start":{"line":412,"column":68},"end":{"line":412,"column":77}}],"line":412},"33":{"loc":{"start":{"line":439,"column":4},"end":{"line":444,"column":5}},"type":"if","locations":[{"start":{"line":439,"column":4},"end":{"line":444,"column":5}},{"start":{},"end":{}}],"line":439},"34":{"loc":{"start":{"line":449,"column":13},"end":{"line":449,"column":77}},"type":"cond-expr","locations":[{"start":{"line":449,"column":54},"end":{"line":449,"column":65}},{"start":{"line":449,"column":68},"end":{"line":449,"column":77}}],"line":449}},"s":{"0":0,"1":0,"2":0,"3":0,"4":0,"5":0,"6":0,"7":0,"8":0,"9":0,"10":0,"11":0,"12":0,"13":0,"14":0,"15":0,"16":0,"17":0,"18":0,"19":0,"20":0,"21":0,"22":0,"23":0,"24":0,"25":0,"26":0,"27":0,"28":0,"29":0,"30":0,"31":0,"32":0,"33":0,"34":0,"35":0,"36":0,"37":0,"38":0,"39":0,"40":0,"41":0,"42":0,"43":0,"44":0,"45":0,"46":0,"47":0,"48":0,"49":0,"50":0,"51":0,"52":0,"53":0,"54":0,"55":0,"56":0,"57":0,"58":0,"59":0,"60":0,"61":0,"62":0,"63":0,"64":0,"65":0,"66":0,"67":0,"68":0,"69":0,"70":0,"71":0,"72":0,"73":0,"74":0,"75":0,"76":0,"77":0,"78":0,"79":0,"80":0,"81":0,"82":0,"83":0,"84":0,"85":0,"86":0,"87":0,"88":0,"89":0,"90":0,"91":0,"92":0,"93":0,"94":0,"95":0,"96":0,"97":0,"98":0,"99":0,"100":0,"101":0,"102":0,"103":0,"104":0,"105":0,"106":0,"107":0,"108":0,"109":0,"110":0,"111":0,"112":0,"113":0,"114":0,"115":0,"116":0,"117":0,"118":0,"119":0,"120":0,"121":0,"122":0,"123":0,"124":0,"125":0,"126":0,"127":0,"128":0,"129":0,"130":0,"131":0,"132":0,"133":0},"f":{"0":0,"1":0,"2":0,"3":0,"4":0,"5":0,"6":0,"7":0,"8":0,"9":0,"10":0,"11":0},"b":{"0":[0,0],"1":[0,0],"2":[0,0],"3":[0,0],"4":[0,0],"5":[0,0],"6":[0,0],"7":[0,0],"8":[0,0],"9":[0,0],"10":[0],"11":[0],"12":[0],"13":[0],"14":[0,0],"15":[0,0],"16":[0,0],"17":[0,0],"18":[0,0],"19":[0,0],"20":[0,0],"21":[0,0],"22":[0,0],"23":[0,0],"24":[0,0],"25":[0,0],"26":[0,0],"27":[0,0],"28":[0,0],"29":[0,0],"30":[0,0],"31":[0,0],"32":[0,0],"33":[0,0],"34":[0,0]}}
,"D:\\sarana-erp\\apps\\core-service\\src\\api\\controllers\\serviceAreaController.js": {"path":"D:\\sarana-erp\\apps\\core-service\\src\\api\\controllers\\serviceAreaController.js","statementMap":{"0":{"start":{"line":6,"column":28},"end":{"line":6,"column":78}},"1":{"start":{"line":7,"column":19},"end":{"line":7,"column":41}},"2":{"start":{"line":14,"column":26},"end":{"line":43,"column":1}},"3":{"start":{"line":15,"column":2},"end":{"line":42,"column":3}},"4":{"start":{"line":16,"column":28},"end":{"line":16,"column":36}},"5":{"start":{"line":17,"column":19},"end":{"line":17,"column":30}},"6":{"start":{"line":19,"column":24},"end":{"line":19,"column":92}},"7":{"start":{"line":21,"column":4},"end":{"line":25,"column":7}},"8":{"start":{"line":27,"column":4},"end":{"line":27,"column":87}},"9":{"start":{"line":29,"column":4},"end":{"line":35,"column":5}},"10":{"start":{"line":30,"column":6},"end":{"line":34,"column":9}},"11":{"start":{"line":37,"column":4},"end":{"line":41,"column":7}},"12":{"start":{"line":50,"column":23},"end":{"line":76,"column":1}},"13":{"start":{"line":51,"column":2},"end":{"line":75,"column":3}},"14":{"start":{"line":52,"column":19},"end":{"line":52,"column":29}},"15":{"start":{"line":54,"column":24},"end":{"line":54,"column":68}},"16":{"start":{"line":56,"column":4},"end":{"line":59,"column":7}},"17":{"start":{"line":61,"column":4},"end":{"line":61,"column":84}},"18":{"start":{"line":63,"column":4},"end":{"line":68,"column":5}},"19":{"start":{"line":64,"column":6},"end":{"line":67,"column":9}},"20":{"start":{"line":70,"column":4},"end":{"line":74,"column":7}},"21":{"start":{"line":83,"column":25},"end":{"line":122,"column":1}},"22":{"start":{"line":84,"column":2},"end":{"line":121,"column":3}},"23":{"start":{"line":85,"column":75},"end":{"line":85,"column":84}},"24":{"start":{"line":88,"column":19},"end":{"line":88,"column":21}},"25":{"start":{"line":89,"column":4},"end":{"line":89,"column":39}},"26":{"start":{"line":89,"column":16},"end":{"line":89,"column":39}},"27":{"start":{"line":90,"column":4},"end":{"line":90,"column":39}},"28":{"start":{"line":90,"column":16},"end":{"line":90,"column":39}},"29":{"start":{"line":91,"column":4},"end":{"line":91,"column":45}},"30":{"start":{"line":91,"column":18},"end":{"line":91,"column":45}},"31":{"start":{"line":92,"column":4},"end":{"line":92,"column":51}},"32":{"start":{"line":92,"column":20},"end":{"line":92,"column":51}},"33":{"start":{"line":95,"column":15},"end":{"line":95,"column":32}},"34":{"start":{"line":96,"column":4},"end":{"line":99,"column":5}},"35":{"start":{"line":97,"column":29},"end":{"line":97,"column":54}},"36":{"start":{"line":98,"column":6},"end":{"line":98,"column":52}},"37":{"start":{"line":101,"column":19},"end":{"line":106,"column":5}},"38":{"start":{"line":108,"column":4},"end":{"line":112,"column":7}},"39":{"start":{"line":114,"column":4},"end":{"line":114,"column":86}},"40":{"start":{"line":116,"column":4},"end":{"line":120,"column":7}},"41":{"start":{"line":129,"column":26},"end":{"line":172,"column":1}},"42":{"start":{"line":130,"column":2},"end":{"line":171,"column":3}},"43":{"start":{"line":131,"column":19},"end":{"line":131,"column":29}},"44":{"start":{"line":132,"column":23},"end":{"line":132,"column":31}},"45":{"start":{"line":133,"column":19},"end":{"line":133,"column":30}},"46":{"start":{"line":134,"column":19},"end":{"line":134,"column":40}},"47":{"start":{"line":137,"column":4},"end":{"line":139,"column":5}},"48":{"start":{"line":138,"column":6},"end":{"line":138,"column":31}},"49":{"start":{"line":141,"column":24},"end":{"line":141,"column":99}},"50":{"start":{"line":143,"column":4},"end":{"line":147,"column":7}},"51":{"start":{"line":149,"column":4},"end":{"line":149,"column":87}},"52":{"start":{"line":151,"column":4},"end":{"line":156,"column":5}},"53":{"start":{"line":152,"column":6},"end":{"line":155,"column":9}},"54":{"start":{"line":158,"column":4},"end":{"line":164,"column":5}},"55":{"start":{"line":159,"column":6},"end":{"line":163,"column":9}},"56":{"start":{"line":166,"column":4},"end":{"line":170,"column":7}},"57":{"start":{"line":179,"column":26},"end":{"line":216,"column":1}},"58":{"start":{"line":180,"column":2},"end":{"line":215,"column":3}},"59":{"start":{"line":181,"column":19},"end":{"line":181,"column":29}},"60":{"start":{"line":182,"column":19},"end":{"line":182,"column":30}},"61":{"start":{"line":183,"column":19},"end":{"line":183,"column":41}},"62":{"start":{"line":184,"column":18},"end":{"line":184,"column":44}},"63":{"start":{"line":186,"column":4},"end":{"line":186,"column":75}},"64":{"start":{"line":188,"column":4},"end":{"line":191,"column":7}},"65":{"start":{"line":193,"column":4},"end":{"line":193,"column":87}},"66":{"start":{"line":195,"column":4},"end":{"line":200,"column":5}},"67":{"start":{"line":196,"column":6},"end":{"line":199,"column":9}},"68":{"start":{"line":202,"column":4},"end":{"line":208,"column":5}},"69":{"start":{"line":203,"column":6},"end":{"line":207,"column":9}},"70":{"start":{"line":210,"column":4},"end":{"line":214,"column":7}},"71":{"start":{"line":223,"column":30},"end":{"line":249,"column":1}},"72":{"start":{"line":224,"column":2},"end":{"line":248,"column":3}},"73":{"start":{"line":225,"column":19},"end":{"line":225,"column":29}},"74":{"start":{"line":227,"column":20},"end":{"line":227,"column":71}},"75":{"start":{"line":229,"column":4},"end":{"line":232,"column":7}},"76":{"start":{"line":234,"column":4},"end":{"line":234,"column":91}},"77":{"start":{"line":236,"column":4},"end":{"line":241,"column":5}},"78":{"start":{"line":237,"column":6},"end":{"line":240,"column":9}},"79":{"start":{"line":243,"column":4},"end":{"line":247,"column":7}},"80":{"start":{"line":256,"column":34},"end":{"line":298,"column":1}},"81":{"start":{"line":257,"column":2},"end":{"line":297,"column":3}},"82":{"start":{"line":258,"column":62},"end":{"line":258,"column":70}},"83":{"start":{"line":259,"column":19},"end":{"line":259,"column":30}},"84":{"start":{"line":261,"column":23},"end":{"line":267,"column":5}},"85":{"start":{"line":269,"column":4},"end":{"line":273,"column":7}},"86":{"start":{"line":275,"column":4},"end":{"line":275,"column":95}},"87":{"start":{"line":277,"column":4},"end":{"line":282,"column":5}},"88":{"start":{"line":278,"column":6},"end":{"line":281,"column":9}},"89":{"start":{"line":284,"column":4},"end":{"line":290,"column":5}},"90":{"start":{"line":285,"column":6},"end":{"line":289,"column":9}},"91":{"start":{"line":292,"column":4},"end":{"line":296,"column":7}},"92":{"start":{"line":305,"column":33},"end":{"line":331,"column":1}},"93":{"start":{"line":306,"column":2},"end":{"line":330,"column":3}},"94":{"start":{"line":307,"column":19},"end":{"line":307,"column":29}},"95":{"start":{"line":309,"column":23},"end":{"line":309,"column":77}},"96":{"start":{"line":311,"column":4},"end":{"line":314,"column":7}},"97":{"start":{"line":316,"column":4},"end":{"line":316,"column":94}},"98":{"start":{"line":318,"column":4},"end":{"line":323,"column":5}},"99":{"start":{"line":319,"column":6},"end":{"line":322,"column":9}},"100":{"start":{"line":325,"column":4},"end":{"line":329,"column":7}},"101":{"start":{"line":338,"column":33},"end":{"line":375,"column":1}},"102":{"start":{"line":339,"column":2},"end":{"line":374,"column":3}},"103":{"start":{"line":340,"column":25},"end":{"line":340,"column":35}},"104":{"start":{"line":341,"column":45},"end":{"line":341,"column":54}},"105":{"start":{"line":344,"column":19},"end":{"line":344,"column":21}},"106":{"start":{"line":345,"column":4},"end":{"line":345,"column":39}},"107":{"start":{"line":345,"column":16},"end":{"line":345,"column":39}},"108":{"start":{"line":347,"column":19},"end":{"line":352,"column":5}},"109":{"start":{"line":354,"column":4},"end":{"line":358,"column":7}},"110":{"start":{"line":360,"column":4},"end":{"line":360,"column":94}},"111":{"start":{"line":362,"column":4},"end":{"line":367,"column":5}},"112":{"start":{"line":363,"column":6},"end":{"line":366,"column":9}},"113":{"start":{"line":369,"column":4},"end":{"line":373,"column":7}},"114":{"start":{"line":382,"column":34},"end":{"line":419,"column":1}},"115":{"start":{"line":383,"column":2},"end":{"line":418,"column":3}},"116":{"start":{"line":384,"column":30},"end":{"line":384,"column":40}},"117":{"start":{"line":385,"column":45},"end":{"line":385,"column":54}},"118":{"start":{"line":388,"column":19},"end":{"line":388,"column":21}},"119":{"start":{"line":389,"column":4},"end":{"line":389,"column":39}},"120":{"start":{"line":389,"column":16},"end":{"line":389,"column":39}},"121":{"start":{"line":391,"column":19},"end":{"line":396,"column":5}},"122":{"start":{"line":398,"column":4},"end":{"line":402,"column":7}},"123":{"start":{"line":404,"column":4},"end":{"line":404,"column":95}},"124":{"start":{"line":406,"column":4},"end":{"line":411,"column":5}},"125":{"start":{"line":407,"column":6},"end":{"line":410,"column":9}},"126":{"start":{"line":413,"column":4},"end":{"line":417,"column":7}},"127":{"start":{"line":426,"column":36},"end":{"line":463,"column":1}},"128":{"start":{"line":427,"column":2},"end":{"line":462,"column":3}},"129":{"start":{"line":428,"column":19},"end":{"line":428,"column":29}},"130":{"start":{"line":429,"column":23},"end":{"line":429,"column":31}},"131":{"start":{"line":430,"column":19},"end":{"line":430,"column":30}},"132":{"start":{"line":432,"column":23},"end":{"line":432,"column":100}},"133":{"start":{"line":434,"column":4},"end":{"line":438,"column":7}},"134":{"start":{"line":440,"column":4},"end":{"line":440,"column":97}},"135":{"start":{"line":442,"column":4},"end":{"line":447,"column":5}},"136":{"start":{"line":443,"column":6},"end":{"line":446,"column":9}},"137":{"start":{"line":449,"column":4},"end":{"line":455,"column":5}},"138":{"start":{"line":450,"column":6},"end":{"line":454,"column":9}},"139":{"start":{"line":457,"column":4},"end":{"line":461,"column":7}},"140":{"start":{"line":470,"column":36},"end":{"line":498,"column":1}},"141":{"start":{"line":471,"column":2},"end":{"line":497,"column":3}},"142":{"start":{"line":472,"column":19},"end":{"line":472,"column":29}},"143":{"start":{"line":473,"column":19},"end":{"line":473,"column":30}},"144":{"start":{"line":474,"column":19},"end":{"line":474,"column":41}},"145":{"start":{"line":476,"column":4},"end":{"line":476,"column":78}},"146":{"start":{"line":478,"column":4},"end":{"line":481,"column":7}},"147":{"start":{"line":483,"column":4},"end":{"line":483,"column":97}},"148":{"start":{"line":485,"column":4},"end":{"line":490,"column":5}},"149":{"start":{"line":486,"column":6},"end":{"line":489,"column":9}},"150":{"start":{"line":492,"column":4},"end":{"line":496,"column":7}},"151":{"start":{"line":505,"column":33},"end":{"line":541,"column":1}},"152":{"start":{"line":506,"column":2},"end":{"line":540,"column":3}},"153":{"start":{"line":507,"column":24},"end":{"line":507,"column":32}},"154":{"start":{"line":508,"column":19},"end":{"line":508,"column":30}},"155":{"start":{"line":510,"column":20},"end":{"line":510,"column":91}},"156":{"start":{"line":512,"column":4},"end":{"line":516,"column":7}},"157":{"start":{"line":518,"column":4},"end":{"line":518,"column":94}},"158":{"start":{"line":520,"column":4},"end":{"line":525,"column":5}},"159":{"start":{"line":521,"column":6},"end":{"line":524,"column":9}},"160":{"start":{"line":527,"column":4},"end":{"line":533,"column":5}},"161":{"start":{"line":528,"column":6},"end":{"line":532,"column":9}},"162":{"start":{"line":535,"column":4},"end":{"line":539,"column":7}},"163":{"start":{"line":548,"column":30},"end":{"line":574,"column":1}},"164":{"start":{"line":549,"column":2},"end":{"line":573,"column":3}},"165":{"start":{"line":550,"column":19},"end":{"line":550,"column":29}},"166":{"start":{"line":552,"column":20},"end":{"line":552,"column":71}},"167":{"start":{"line":554,"column":4},"end":{"line":557,"column":7}},"168":{"start":{"line":559,"column":4},"end":{"line":559,"column":91}},"169":{"start":{"line":561,"column":4},"end":{"line":566,"column":5}},"170":{"start":{"line":562,"column":6},"end":{"line":565,"column":9}},"171":{"start":{"line":568,"column":4},"end":{"line":572,"column":7}},"172":{"start":{"line":581,"column":32},"end":{"line":619,"column":1}},"173":{"start":{"line":582,"column":2},"end":{"line":618,"column":3}},"174":{"start":{"line":583,"column":30},"end":{"line":583,"column":40}},"175":{"start":{"line":584,"column":58},"end":{"line":584,"column":67}},"176":{"start":{"line":587,"column":19},"end":{"line":587,"column":21}},"177":{"start":{"line":588,"column":4},"end":{"line":588,"column":54}},"178":{"start":{"line":588,"column":21},"end":{"line":588,"column":54}},"179":{"start":{"line":589,"column":4},"end":{"line":589,"column":39}},"180":{"start":{"line":589,"column":16},"end":{"line":589,"column":39}},"181":{"start":{"line":591,"column":19},"end":{"line":596,"column":5}},"182":{"start":{"line":598,"column":4},"end":{"line":602,"column":7}},"183":{"start":{"line":604,"column":4},"end":{"line":604,"column":93}},"184":{"start":{"line":606,"column":4},"end":{"line":611,"column":5}},"185":{"start":{"line":607,"column":6},"end":{"line":610,"column":9}},"186":{"start":{"line":613,"column":4},"end":{"line":617,"column":7}},"187":{"start":{"line":626,"column":33},"end":{"line":663,"column":1}},"188":{"start":{"line":627,"column":2},"end":{"line":662,"column":3}},"189":{"start":{"line":628,"column":19},"end":{"line":628,"column":29}},"190":{"start":{"line":629,"column":23},"end":{"line":629,"column":31}},"191":{"start":{"line":630,"column":19},"end":{"line":630,"column":30}},"192":{"start":{"line":632,"column":20},"end":{"line":632,"column":94}},"193":{"start":{"line":634,"column":4},"end":{"line":638,"column":7}},"194":{"start":{"line":640,"column":4},"end":{"line":640,"column":94}},"195":{"start":{"line":642,"column":4},"end":{"line":647,"column":5}},"196":{"start":{"line":643,"column":6},"end":{"line":646,"column":9}},"197":{"start":{"line":649,"column":4},"end":{"line":655,"column":5}},"198":{"start":{"line":650,"column":6},"end":{"line":654,"column":9}},"199":{"start":{"line":657,"column":4},"end":{"line":661,"column":7}},"200":{"start":{"line":670,"column":33},"end":{"line":698,"column":1}},"201":{"start":{"line":671,"column":2},"end":{"line":697,"column":3}},"202":{"start":{"line":672,"column":19},"end":{"line":672,"column":29}},"203":{"start":{"line":673,"column":19},"end":{"line":673,"column":30}},"204":{"start":{"line":674,"column":19},"end":{"line":674,"column":41}},"205":{"start":{"line":676,"column":4},"end":{"line":676,"column":75}},"206":{"start":{"line":678,"column":4},"end":{"line":681,"column":7}},"207":{"start":{"line":683,"column":4},"end":{"line":683,"column":94}},"208":{"start":{"line":685,"column":4},"end":{"line":690,"column":5}},"209":{"start":{"line":686,"column":6},"end":{"line":689,"column":9}},"210":{"start":{"line":692,"column":4},"end":{"line":696,"column":7}},"211":{"start":{"line":705,"column":31},"end":{"line":744,"column":1}},"212":{"start":{"line":706,"column":2},"end":{"line":743,"column":3}},"213":{"start":{"line":707,"column":61},"end":{"line":707,"column":69}},"214":{"start":{"line":709,"column":19},"end":{"line":714,"column":5}},"215":{"start":{"line":716,"column":4},"end":{"line":719,"column":7}},"216":{"start":{"line":721,"column":4},"end":{"line":721,"column":92}},"217":{"start":{"line":723,"column":4},"end":{"line":728,"column":5}},"218":{"start":{"line":724,"column":6},"end":{"line":727,"column":9}},"219":{"start":{"line":730,"column":4},"end":{"line":736,"column":5}},"220":{"start":{"line":731,"column":6},"end":{"line":735,"column":9}},"221":{"start":{"line":738,"column":4},"end":{"line":742,"column":7}},"222":{"start":{"line":751,"column":35},"end":{"line":800,"column":1}},"223":{"start":{"line":752,"column":2},"end":{"line":799,"column":3}},"224":{"start":{"line":753,"column":74},"end":{"line":753,"column":82}},"225":{"start":{"line":756,"column":21},"end":{"line":758,"column":5}},"226":{"start":{"line":761,"column":28},"end":{"line":761,"column":37}},"227":{"start":{"line":762,"column":4},"end":{"line":764,"column":5}},"228":{"start":{"line":763,"column":6},"end":{"line":763,"column":50}},"229":{"start":{"line":767,"column":18},"end":{"line":767,"column":27}},"230":{"start":{"line":768,"column":4},"end":{"line":770,"column":5}},"231":{"start":{"line":769,"column":6},"end":{"line":769,"column":33}},"232":{"start":{"line":772,"column":25},"end":{"line":777,"column":5}},"233":{"start":{"line":779,"column":4},"end":{"line":782,"column":7}},"234":{"start":{"line":784,"column":4},"end":{"line":784,"column":96}},"235":{"start":{"line":786,"column":4},"end":{"line":792,"column":5}},"236":{"start":{"line":787,"column":6},"end":{"line":791,"column":9}},"237":{"start":{"line":794,"column":4},"end":{"line":798,"column":7}},"238":{"start":{"line":807,"column":36},"end":{"line":839,"column":1}},"239":{"start":{"line":808,"column":2},"end":{"line":838,"column":3}},"240":{"start":{"line":809,"column":36},"end":{"line":809,"column":44}},"241":{"start":{"line":812,"column":21},"end":{"line":814,"column":5}},"242":{"start":{"line":816,"column":21},"end":{"line":816,"column":84}},"243":{"start":{"line":818,"column":4},"end":{"line":821,"column":7}},"244":{"start":{"line":823,"column":4},"end":{"line":823,"column":97}},"245":{"start":{"line":825,"column":4},"end":{"line":831,"column":5}},"246":{"start":{"line":826,"column":6},"end":{"line":830,"column":9}},"247":{"start":{"line":833,"column":4},"end":{"line":837,"column":7}},"248":{"start":{"line":841,"column":0},"end":{"line":862,"column":2}}},"fnMap":{"0":{"name":"(anonymous_0)","decl":{"start":{"line":14,"column":26},"end":{"line":14,"column":27}},"loc":{"start":{"line":14,"column":46},"end":{"line":43,"column":1}},"line":14},"1":{"name":"(anonymous_1)","decl":{"start":{"line":50,"column":23},"end":{"line":50,"column":24}},"loc":{"start":{"line":50,"column":43},"end":{"line":76,"column":1}},"line":50},"2":{"name":"(anonymous_2)","decl":{"start":{"line":83,"column":25},"end":{"line":83,"column":26}},"loc":{"start":{"line":83,"column":45},"end":{"line":122,"column":1}},"line":83},"3":{"name":"(anonymous_3)","decl":{"start":{"line":129,"column":26},"end":{"line":129,"column":27}},"loc":{"start":{"line":129,"column":46},"end":{"line":172,"column":1}},"line":129},"4":{"name":"(anonymous_4)","decl":{"start":{"line":179,"column":26},"end":{"line":179,"column":27}},"loc":{"start":{"line":179,"column":46},"end":{"line":216,"column":1}},"line":179},"5":{"name":"(anonymous_5)","decl":{"start":{"line":223,"column":30},"end":{"line":223,"column":31}},"loc":{"start":{"line":223,"column":50},"end":{"line":249,"column":1}},"line":223},"6":{"name":"(anonymous_6)","decl":{"start":{"line":256,"column":34},"end":{"line":256,"column":35}},"loc":{"start":{"line":256,"column":54},"end":{"line":298,"column":1}},"line":256},"7":{"name":"(anonymous_7)","decl":{"start":{"line":305,"column":33},"end":{"line":305,"column":34}},"loc":{"start":{"line":305,"column":53},"end":{"line":331,"column":1}},"line":305},"8":{"name":"(anonymous_8)","decl":{"start":{"line":338,"column":33},"end":{"line":338,"column":34}},"loc":{"start":{"line":338,"column":53},"end":{"line":375,"column":1}},"line":338},"9":{"name":"(anonymous_9)","decl":{"start":{"line":382,"column":34},"end":{"line":382,"column":35}},"loc":{"start":{"line":382,"column":54},"end":{"line":419,"column":1}},"line":382},"10":{"name":"(anonymous_10)","decl":{"start":{"line":426,"column":36},"end":{"line":426,"column":37}},"loc":{"start":{"line":426,"column":56},"end":{"line":463,"column":1}},"line":426},"11":{"name":"(anonymous_11)","decl":{"start":{"line":470,"column":36},"end":{"line":470,"column":37}},"loc":{"start":{"line":470,"column":56},"end":{"line":498,"column":1}},"line":470},"12":{"name":"(anonymous_12)","decl":{"start":{"line":505,"column":33},"end":{"line":505,"column":34}},"loc":{"start":{"line":505,"column":53},"end":{"line":541,"column":1}},"line":505},"13":{"name":"(anonymous_13)","decl":{"start":{"line":548,"column":30},"end":{"line":548,"column":31}},"loc":{"start":{"line":548,"column":50},"end":{"line":574,"column":1}},"line":548},"14":{"name":"(anonymous_14)","decl":{"start":{"line":581,"column":32},"end":{"line":581,"column":33}},"loc":{"start":{"line":581,"column":52},"end":{"line":619,"column":1}},"line":581},"15":{"name":"(anonymous_15)","decl":{"start":{"line":626,"column":33},"end":{"line":626,"column":34}},"loc":{"start":{"line":626,"column":53},"end":{"line":663,"column":1}},"line":626},"16":{"name":"(anonymous_16)","decl":{"start":{"line":670,"column":33},"end":{"line":670,"column":34}},"loc":{"start":{"line":670,"column":53},"end":{"line":698,"column":1}},"line":670},"17":{"name":"(anonymous_17)","decl":{"start":{"line":705,"column":31},"end":{"line":705,"column":32}},"loc":{"start":{"line":705,"column":51},"end":{"line":744,"column":1}},"line":705},"18":{"name":"(anonymous_18)","decl":{"start":{"line":751,"column":35},"end":{"line":751,"column":36}},"loc":{"start":{"line":751,"column":55},"end":{"line":800,"column":1}},"line":751},"19":{"name":"(anonymous_19)","decl":{"start":{"line":807,"column":36},"end":{"line":807,"column":37}},"loc":{"start":{"line":807,"column":56},"end":{"line":839,"column":1}},"line":807}},"branchMap":{"0":{"loc":{"start":{"line":29,"column":4},"end":{"line":35,"column":5}},"type":"if","locations":[{"start":{"line":29,"column":4},"end":{"line":35,"column":5}},{"start":{},"end":{}}],"line":29},"1":{"loc":{"start":{"line":63,"column":4},"end":{"line":68,"column":5}},"type":"if","locations":[{"start":{"line":63,"column":4},"end":{"line":68,"column":5}},{"start":{},"end":{}}],"line":63},"2":{"loc":{"start":{"line":85,"column":12},"end":{"line":85,"column":20}},"type":"default-arg","locations":[{"start":{"line":85,"column":19},"end":{"line":85,"column":20}}],"line":85},"3":{"loc":{"start":{"line":85,"column":22},"end":{"line":85,"column":32}},"type":"default-arg","locations":[{"start":{"line":85,"column":30},"end":{"line":85,"column":32}}],"line":85},"4":{"loc":{"start":{"line":89,"column":4},"end":{"line":89,"column":39}},"type":"if","locations":[{"start":{"line":89,"column":4},"end":{"line":89,"column":39}},{"start":{},"end":{}}],"line":89},"5":{"loc":{"start":{"line":90,"column":4},"end":{"line":90,"column":39}},"type":"if","locations":[{"start":{"line":90,"column":4},"end":{"line":90,"column":39}},{"start":{},"end":{}}],"line":90},"6":{"loc":{"start":{"line":91,"column":4},"end":{"line":91,"column":45}},"type":"if","locations":[{"start":{"line":91,"column":4},"end":{"line":91,"column":45}},{"start":{},"end":{}}],"line":91},"7":{"loc":{"start":{"line":92,"column":4},"end":{"line":92,"column":51}},"type":"if","locations":[{"start":{"line":92,"column":4},"end":{"line":92,"column":51}},{"start":{},"end":{}}],"line":92},"8":{"loc":{"start":{"line":96,"column":4},"end":{"line":99,"column":5}},"type":"if","locations":[{"start":{"line":96,"column":4},"end":{"line":99,"column":5}},{"start":{},"end":{}}],"line":96},"9":{"loc":{"start":{"line":98,"column":24},"end":{"line":98,"column":49}},"type":"cond-expr","locations":[{"start":{"line":98,"column":43},"end":{"line":98,"column":45}},{"start":{"line":98,"column":48},"end":{"line":98,"column":49}}],"line":98},"10":{"loc":{"start":{"line":134,"column":19},"end":{"line":134,"column":40}},"type":"binary-expr","locations":[{"start":{"line":134,"column":19},"end":{"line":134,"column":34}},{"start":{"line":134,"column":38},"end":{"line":134,"column":40}}],"line":134},"11":{"loc":{"start":{"line":137,"column":4},"end":{"line":139,"column":5}},"type":"if","locations":[{"start":{"line":137,"column":4},"end":{"line":139,"column":5}},{"start":{},"end":{}}],"line":137},"12":{"loc":{"start":{"line":151,"column":4},"end":{"line":156,"column":5}},"type":"if","locations":[{"start":{"line":151,"column":4},"end":{"line":156,"column":5}},{"start":{},"end":{}}],"line":151},"13":{"loc":{"start":{"line":158,"column":4},"end":{"line":164,"column":5}},"type":"if","locations":[{"start":{"line":158,"column":4},"end":{"line":164,"column":5}},{"start":{},"end":{}}],"line":158},"14":{"loc":{"start":{"line":183,"column":19},"end":{"line":183,"column":41}},"type":"binary-expr","locations":[{"start":{"line":183,"column":19},"end":{"line":183,"column":35}},{"start":{"line":183,"column":39},"end":{"line":183,"column":41}}],"line":183},"15":{"loc":{"start":{"line":195,"column":4},"end":{"line":200,"column":5}},"type":"if","locations":[{"start":{"line":195,"column":4},"end":{"line":200,"column":5}},{"start":{},"end":{}}],"line":195},"16":{"loc":{"start":{"line":202,"column":4},"end":{"line":208,"column":5}},"type":"if","locations":[{"start":{"line":202,"column":4},"end":{"line":208,"column":5}},{"start":{},"end":{}}],"line":202},"17":{"loc":{"start":{"line":236,"column":4},"end":{"line":241,"column":5}},"type":"if","locations":[{"start":{"line":236,"column":4},"end":{"line":241,"column":5}},{"start":{},"end":{}}],"line":236},"18":{"loc":{"start":{"line":277,"column":4},"end":{"line":282,"column":5}},"type":"if","locations":[{"start":{"line":277,"column":4},"end":{"line":282,"column":5}},{"start":{},"end":{}}],"line":277},"19":{"loc":{"start":{"line":284,"column":4},"end":{"line":290,"column":5}},"type":"if","locations":[{"start":{"line":284,"column":4},"end":{"line":290,"column":5}},{"start":{},"end":{}}],"line":284},"20":{"loc":{"start":{"line":318,"column":4},"end":{"line":323,"column":5}},"type":"if","locations":[{"start":{"line":318,"column":4},"end":{"line":323,"column":5}},{"start":{},"end":{}}],"line":318},"21":{"loc":{"start":{"line":341,"column":12},"end":{"line":341,"column":20}},"type":"default-arg","locations":[{"start":{"line":341,"column":19},"end":{"line":341,"column":20}}],"line":341},"22":{"loc":{"start":{"line":341,"column":22},"end":{"line":341,"column":32}},"type":"default-arg","locations":[{"start":{"line":341,"column":30},"end":{"line":341,"column":32}}],"line":341},"23":{"loc":{"start":{"line":345,"column":4},"end":{"line":345,"column":39}},"type":"if","locations":[{"start":{"line":345,"column":4},"end":{"line":345,"column":39}},{"start":{},"end":{}}],"line":345},"24":{"loc":{"start":{"line":362,"column":4},"end":{"line":367,"column":5}},"type":"if","locations":[{"start":{"line":362,"column":4},"end":{"line":367,"column":5}},{"start":{},"end":{}}],"line":362},"25":{"loc":{"start":{"line":385,"column":12},"end":{"line":385,"column":20}},"type":"default-arg","locations":[{"start":{"line":385,"column":19},"end":{"line":385,"column":20}}],"line":385},"26":{"loc":{"start":{"line":385,"column":22},"end":{"line":385,"column":32}},"type":"default-arg","locations":[{"start":{"line":385,"column":30},"end":{"line":385,"column":32}}],"line":385},"27":{"loc":{"start":{"line":389,"column":4},"end":{"line":389,"column":39}},"type":"if","locations":[{"start":{"line":389,"column":4},"end":{"line":389,"column":39}},{"start":{},"end":{}}],"line":389},"28":{"loc":{"start":{"line":406,"column":4},"end":{"line":411,"column":5}},"type":"if","locations":[{"start":{"line":406,"column":4},"end":{"line":411,"column":5}},{"start":{},"end":{}}],"line":406},"29":{"loc":{"start":{"line":442,"column":4},"end":{"line":447,"column":5}},"type":"if","locations":[{"start":{"line":442,"column":4},"end":{"line":447,"column":5}},{"start":{},"end":{}}],"line":442},"30":{"loc":{"start":{"line":449,"column":4},"end":{"line":455,"column":5}},"type":"if","locations":[{"start":{"line":449,"column":4},"end":{"line":455,"column":5}},{"start":{},"end":{}}],"line":449},"31":{"loc":{"start":{"line":474,"column":19},"end":{"line":474,"column":41}},"type":"binary-expr","locations":[{"start":{"line":474,"column":19},"end":{"line":474,"column":35}},{"start":{"line":474,"column":39},"end":{"line":474,"column":41}}],"line":474},"32":{"loc":{"start":{"line":485,"column":4},"end":{"line":490,"column":5}},"type":"if","locations":[{"start":{"line":485,"column":4},"end":{"line":490,"column":5}},{"start":{},"end":{}}],"line":485},"33":{"loc":{"start":{"line":520,"column":4},"end":{"line":525,"column":5}},"type":"if","locations":[{"start":{"line":520,"column":4},"end":{"line":525,"column":5}},{"start":{},"end":{}}],"line":520},"34":{"loc":{"start":{"line":527,"column":4},"end":{"line":533,"column":5}},"type":"if","locations":[{"start":{"line":527,"column":4},"end":{"line":533,"column":5}},{"start":{},"end":{}}],"line":527},"35":{"loc":{"start":{"line":561,"column":4},"end":{"line":566,"column":5}},"type":"if","locations":[{"start":{"line":561,"column":4},"end":{"line":566,"column":5}},{"start":{},"end":{}}],"line":561},"36":{"loc":{"start":{"line":584,"column":12},"end":{"line":584,"column":20}},"type":"default-arg","locations":[{"start":{"line":584,"column":19},"end":{"line":584,"column":20}}],"line":584},"37":{"loc":{"start":{"line":584,"column":22},"end":{"line":584,"column":32}},"type":"default-arg","locations":[{"start":{"line":584,"column":30},"end":{"line":584,"column":32}}],"line":584},"38":{"loc":{"start":{"line":588,"column":4},"end":{"line":588,"column":54}},"type":"if","locations":[{"start":{"line":588,"column":4},"end":{"line":588,"column":54}},{"start":{},"end":{}}],"line":588},"39":{"loc":{"start":{"line":589,"column":4},"end":{"line":589,"column":39}},"type":"if","locations":[{"start":{"line":589,"column":4},"end":{"line":589,"column":39}},{"start":{},"end":{}}],"line":589},"40":{"loc":{"start":{"line":606,"column":4},"end":{"line":611,"column":5}},"type":"if","locations":[{"start":{"line":606,"column":4},"end":{"line":611,"column":5}},{"start":{},"end":{}}],"line":606},"41":{"loc":{"start":{"line":642,"column":4},"end":{"line":647,"column":5}},"type":"if","locations":[{"start":{"line":642,"column":4},"end":{"line":647,"column":5}},{"start":{},"end":{}}],"line":642},"42":{"loc":{"start":{"line":649,"column":4},"end":{"line":655,"column":5}},"type":"if","locations":[{"start":{"line":649,"column":4},"end":{"line":655,"column":5}},{"start":{},"end":{}}],"line":649},"43":{"loc":{"start":{"line":674,"column":19},"end":{"line":674,"column":41}},"type":"binary-expr","locations":[{"start":{"line":674,"column":19},"end":{"line":674,"column":35}},{"start":{"line":674,"column":39},"end":{"line":674,"column":41}}],"line":674},"44":{"loc":{"start":{"line":685,"column":4},"end":{"line":690,"column":5}},"type":"if","locations":[{"start":{"line":685,"column":4},"end":{"line":690,"column":5}},{"start":{},"end":{}}],"line":685},"45":{"loc":{"start":{"line":723,"column":4},"end":{"line":728,"column":5}},"type":"if","locations":[{"start":{"line":723,"column":4},"end":{"line":728,"column":5}},{"start":{},"end":{}}],"line":723},"46":{"loc":{"start":{"line":730,"column":4},"end":{"line":736,"column":5}},"type":"if","locations":[{"start":{"line":730,"column":4},"end":{"line":736,"column":5}},{"start":{},"end":{}}],"line":730},"47":{"loc":{"start":{"line":753,"column":33},"end":{"line":753,"column":56}},"type":"default-arg","locations":[{"start":{"line":753,"column":46},"end":{"line":753,"column":56}}],"line":753},"48":{"loc":{"start":{"line":762,"column":4},"end":{"line":764,"column":5}},"type":"if","locations":[{"start":{"line":762,"column":4},"end":{"line":764,"column":5}},{"start":{},"end":{}}],"line":762},"49":{"loc":{"start":{"line":768,"column":4},"end":{"line":770,"column":5}},"type":"if","locations":[{"start":{"line":768,"column":4},"end":{"line":770,"column":5}},{"start":{},"end":{}}],"line":768},"50":{"loc":{"start":{"line":786,"column":4},"end":{"line":792,"column":5}},"type":"if","locations":[{"start":{"line":786,"column":4},"end":{"line":792,"column":5}},{"start":{},"end":{}}],"line":786},"51":{"loc":{"start":{"line":825,"column":4},"end":{"line":831,"column":5}},"type":"if","locations":[{"start":{"line":825,"column":4},"end":{"line":831,"column":5}},{"start":{},"end":{}}],"line":825}},"s":{"0":0,"1":0,"2":0,"3":0,"4":0,"5":0,"6":0,"7":0,"8":0,"9":0,"10":0,"11":0,"12":0,"13":0,"14":0,"15":0,"16":0,"17":0,"18":0,"19":0,"20":0,"21":0,"22":0,"23":0,"24":0,"25":0,"26":0,"27":0,"28":0,"29":0,"30":0,"31":0,"32":0,"33":0,"34":0,"35":0,"36":0,"37":0,"38":0,"39":0,"40":0,"41":0,"42":0,"43":0,"44":0,"45":0,"46":0,"47":0,"48":0,"49":0,"50":0,"51":0,"52":0,"53":0,"54":0,"55":0,"56":0,"57":0,"58":0,"59":0,"60":0,"61":0,"62":0,"63":0,"64":0,"65":0,"66":0,"67":0,"68":0,"69":0,"70":0,"71":0,"72":0,"73":0,"74":0,"75":0,"76":0,"77":0,"78":0,"79":0,"80":0,"81":0,"82":0,"83":0,"84":0,"85":0,"86":0,"87":0,"88":0,"89":0,"90":0,"91":0,"92":0,"93":0,"94":0,"95":0,"96":0,"97":0,"98":0,"99":0,"100":0,"101":0,"102":0,"103":0,"104":0,"105":0,"106":0,"107":0,"108":0,"109":0,"110":0,"111":0,"112":0,"113":0,"114":0,"115":0,"116":0,"117":0,"118":0,"119":0,"120":0,"121":0,"122":0,"123":0,"124":0,"125":0,"126":0,"127":0,"128":0,"129":0,"130":0,"131":0,"132":0,"133":0,"134":0,"135":0,"136":0,"137":0,"138":0,"139":0,"140":0,"141":0,"142":0,"143":0,"144":0,"145":0,"146":0,"147":0,"148":0,"149":0,"150":0,"151":0,"152":0,"153":0,"154":0,"155":0,"156":0,"157":0,"158":0,"159":0,"160":0,"161":0,"162":0,"163":0,"164":0,"165":0,"166":0,"167":0,"168":0,"169":0,"170":0,"171":0,"172":0,"173":0,"174":0,"175":0,"176":0,"177":0,"178":0,"179":0,"180":0,"181":0,"182":0,"183":0,"184":0,"185":0,"186":0,"187":0,"188":0,"189":0,"190":0,"191":0,"192":0,"193":0,"194":0,"195":0,"196":0,"197":0,"198":0,"199":0,"200":0,"201":0,"202":0,"203":0,"204":0,"205":0,"206":0,"207":0,"208":0,"209":0,"210":0,"211":0,"212":0,"213":0,"214":0,"215":0,"216":0,"217":0,"218":0,"219":0,"220":0,"221":0,"222":0,"223":0,"224":0,"225":0,"226":0,"227":0,"228":0,"229":0,"230":0,"231":0,"232":0,"233":0,"234":0,"235":0,"236":0,"237":0,"238":0,"239":0,"240":0,"241":0,"242":0,"243":0,"244":0,"245":0,"246":0,"247":0,"248":0},"f":{"0":0,"1":0,"2":0,"3":0,"4":0,"5":0,"6":0,"7":0,"8":0,"9":0,"10":0,"11":0,"12":0,"13":0,"14":0,"15":0,"16":0,"17":0,"18":0,"19":0},"b":{"0":[0,0],"1":[0,0],"2":[0],"3":[0],"4":[0,0],"5":[0,0],"6":[0,0],"7":[0,0],"8":[0,0],"9":[0,0],"10":[0,0],"11":[0,0],"12":[0,0],"13":[0,0],"14":[0,0],"15":[0,0],"16":[0,0],"17":[0,0],"18":[0,0],"19":[0,0],"20":[0,0],"21":[0],"22":[0],"23":[0,0],"24":[0,0],"25":[0],"26":[0],"27":[0,0],"28":[0,0],"29":[0,0],"30":[0,0],"31":[0,0],"32":[0,0],"33":[0,0],"34":[0,0],"35":[0,0],"36":[0],"37":[0],"38":[0,0],"39":[0,0],"40":[0,0],"41":[0,0],"42":[0,0],"43":[0,0],"44":[0,0],"45":[0,0],"46":[0,0],"47":[0],"48":[0,0],"49":[0,0],"50":[0,0],"51":[0,0]}}
,"D:\\sarana-erp\\apps\\core-service\\src\\api\\middlewares\\authMiddleware.js": {"path":"D:\\sarana-erp\\apps\\core-service\\src\\api\\middlewares\\authMiddleware.js","statementMap":{"0":{"start":{"line":6,"column":12},"end":{"line":6,"column":35}},"1":{"start":{"line":7,"column":14},"end":{"line":7,"column":30}},"2":{"start":{"line":8,"column":19},"end":{"line":8,"column":41}},"3":{"start":{"line":14,"column":24},"end":{"line":140,"column":1}},"4":{"start":{"line":15,"column":2},"end":{"line":139,"column":3}},"5":{"start":{"line":17,"column":4},"end":{"line":26,"column":5}},"6":{"start":{"line":19,"column":6},"end":{"line":24,"column":8}},"7":{"start":{"line":25,"column":6},"end":{"line":25,"column":20}},"8":{"start":{"line":29,"column":23},"end":{"line":29,"column":48}},"9":{"start":{"line":30,"column":4},"end":{"line":36,"column":5}},"10":{"start":{"line":31,"column":6},"end":{"line":35,"column":9}},"11":{"start":{"line":38,"column":18},"end":{"line":38,"column":42}},"12":{"start":{"line":41,"column":4},"end":{"line":47,"column":5}},"13":{"start":{"line":42,"column":6},"end":{"line":46,"column":9}},"14":{"start":{"line":50,"column":4},"end":{"line":74,"column":5}},"15":{"start":{"line":51,"column":22},"end":{"line":51,"column":63}},"16":{"start":{"line":52,"column":6},"end":{"line":52,"column":25}},"17":{"start":{"line":53,"column":6},"end":{"line":53,"column":20}},"18":{"start":{"line":55,"column":6},"end":{"line":58,"column":9}},"19":{"start":{"line":61,"column":6},"end":{"line":73,"column":7}},"20":{"start":{"line":62,"column":8},"end":{"line":66,"column":11}},"21":{"start":{"line":67,"column":13},"end":{"line":73,"column":7}},"22":{"start":{"line":68,"column":8},"end":{"line":72,"column":11}},"23":{"start":{"line":77,"column":4},"end":{"line":113,"column":5}},"24":{"start":{"line":78,"column":6},"end":{"line":112,"column":7}},"25":{"start":{"line":79,"column":8},"end":{"line":79,"column":101}},"26":{"start":{"line":80,"column":25},"end":{"line":92,"column":9}},"27":{"start":{"line":90,"column":40},"end":{"line":90,"column":52}},"28":{"start":{"line":94,"column":8},"end":{"line":103,"column":9}},"29":{"start":{"line":96,"column":10},"end":{"line":96,"column":40}},"30":{"start":{"line":97,"column":10},"end":{"line":97,"column":24}},"31":{"start":{"line":99,"column":10},"end":{"line":102,"column":13}},"32":{"start":{"line":106,"column":8},"end":{"line":111,"column":11}},"33":{"start":{"line":116,"column":4},"end":{"line":123,"column":7}},"34":{"start":{"line":126,"column":22},"end":{"line":130,"column":5}},"35":{"start":{"line":132,"column":4},"end":{"line":132,"column":78}},"36":{"start":{"line":133,"column":4},"end":{"line":138,"column":7}},"37":{"start":{"line":149,"column":29},"end":{"line":174,"column":1}},"38":{"start":{"line":151,"column":2},"end":{"line":166,"column":3}},"39":{"start":{"line":152,"column":4},"end":{"line":154,"column":5}},"40":{"start":{"line":153,"column":6},"end":{"line":153,"column":18}},"41":{"start":{"line":157,"column":4},"end":{"line":159,"column":5}},"42":{"start":{"line":158,"column":6},"end":{"line":158,"column":18}},"43":{"start":{"line":162,"column":21},"end":{"line":162,"column":45}},"44":{"start":{"line":163,"column":4},"end":{"line":165,"column":5}},"45":{"start":{"line":164,"column":6},"end":{"line":164,"column":18}},"46":{"start":{"line":169,"column":2},"end":{"line":171,"column":3}},"47":{"start":{"line":170,"column":4},"end":{"line":170,"column":16}},"48":{"start":{"line":173,"column":2},"end":{"line":173,"column":15}},"49":{"start":{"line":181,"column":28},"end":{"line":276,"column":1}},"50":{"start":{"line":182,"column":2},"end":{"line":275,"column":4}},"51":{"start":{"line":183,"column":4},"end":{"line":274,"column":5}},"52":{"start":{"line":185,"column":6},"end":{"line":187,"column":7}},"53":{"start":{"line":186,"column":8},"end":{"line":186,"column":22}},"54":{"start":{"line":190,"column":6},"end":{"line":192,"column":7}},"55":{"start":{"line":191,"column":8},"end":{"line":191,"column":22}},"56":{"start":{"line":195,"column":6},"end":{"line":201,"column":7}},"57":{"start":{"line":196,"column":8},"end":{"line":200,"column":11}},"58":{"start":{"line":204,"column":6},"end":{"line":206,"column":7}},"59":{"start":{"line":205,"column":8},"end":{"line":205,"column":22}},"60":{"start":{"line":209,"column":6},"end":{"line":250,"column":7}},"61":{"start":{"line":210,"column":8},"end":{"line":249,"column":9}},"62":{"start":{"line":211,"column":10},"end":{"line":211,"column":87}},"63":{"start":{"line":212,"column":27},"end":{"line":227,"column":11}},"64":{"start":{"line":225,"column":42},"end":{"line":225,"column":54}},"65":{"start":{"line":229,"column":10},"end":{"line":231,"column":11}},"66":{"start":{"line":230,"column":12},"end":{"line":230,"column":26}},"67":{"start":{"line":234,"column":10},"end":{"line":239,"column":13}},"68":{"start":{"line":242,"column":10},"end":{"line":248,"column":11}},"69":{"start":{"line":243,"column":12},"end":{"line":247,"column":15}},"70":{"start":{"line":253,"column":6},"end":{"line":258,"column":9}},"71":{"start":{"line":261,"column":24},"end":{"line":265,"column":7}},"72":{"start":{"line":267,"column":6},"end":{"line":267,"column":79}},"73":{"start":{"line":268,"column":6},"end":{"line":273,"column":9}},"74":{"start":{"line":278,"column":0},"end":{"line":281,"column":2}}},"fnMap":{"0":{"name":"(anonymous_0)","decl":{"start":{"line":14,"column":24},"end":{"line":14,"column":25}},"loc":{"start":{"line":14,"column":50},"end":{"line":140,"column":1}},"line":14},"1":{"name":"(anonymous_1)","decl":{"start":{"line":90,"column":28},"end":{"line":90,"column":29}},"loc":{"start":{"line":90,"column":40},"end":{"line":90,"column":52}},"line":90},"2":{"name":"(anonymous_2)","decl":{"start":{"line":149,"column":29},"end":{"line":149,"column":30}},"loc":{"start":{"line":149,"column":51},"end":{"line":174,"column":1}},"line":149},"3":{"name":"(anonymous_3)","decl":{"start":{"line":181,"column":28},"end":{"line":181,"column":29}},"loc":{"start":{"line":181,"column":52},"end":{"line":276,"column":1}},"line":181},"4":{"name":"(anonymous_4)","decl":{"start":{"line":182,"column":9},"end":{"line":182,"column":10}},"loc":{"start":{"line":182,"column":35},"end":{"line":275,"column":3}},"line":182},"5":{"name":"(anonymous_5)","decl":{"start":{"line":225,"column":30},"end":{"line":225,"column":31}},"loc":{"start":{"line":225,"column":42},"end":{"line":225,"column":54}},"line":225}},"branchMap":{"0":{"loc":{"start":{"line":17,"column":4},"end":{"line":26,"column":5}},"type":"if","locations":[{"start":{"line":17,"column":4},"end":{"line":26,"column":5}},{"start":{},"end":{}}],"line":17},"1":{"loc":{"start":{"line":17,"column":8},"end":{"line":17,"column":84}},"type":"binary-expr","locations":[{"start":{"line":17,"column":8},"end":{"line":17,"column":46}},{"start":{"line":17,"column":50},"end":{"line":17,"column":84}}],"line":17},"2":{"loc":{"start":{"line":30,"column":4},"end":{"line":36,"column":5}},"type":"if","locations":[{"start":{"line":30,"column":4},"end":{"line":36,"column":5}},{"start":{},"end":{}}],"line":30},"3":{"loc":{"start":{"line":30,"column":8},"end":{"line":30,"column":56}},"type":"binary-expr","locations":[{"start":{"line":30,"column":8},"end":{"line":30,"column":19}},{"start":{"line":30,"column":23},"end":{"line":30,"column":56}}],"line":30},"4":{"loc":{"start":{"line":41,"column":4},"end":{"line":47,"column":5}},"type":"if","locations":[{"start":{"line":41,"column":4},"end":{"line":47,"column":5}},{"start":{},"end":{}}],"line":41},"5":{"loc":{"start":{"line":41,"column":8},"end":{"line":41,"column":47}},"type":"binary-expr","locations":[{"start":{"line":41,"column":8},"end":{"line":41,"column":14}},{"start":{"line":41,"column":18},"end":{"line":41,"column":47}}],"line":41},"6":{"loc":{"start":{"line":61,"column":6},"end":{"line":73,"column":7}},"type":"if","locations":[{"start":{"line":61,"column":6},"end":{"line":73,"column":7}},{"start":{"line":67,"column":13},"end":{"line":73,"column":7}}],"line":61},"7":{"loc":{"start":{"line":67,"column":13},"end":{"line":73,"column":7}},"type":"if","locations":[{"start":{"line":67,"column":13},"end":{"line":73,"column":7}},{"start":{},"end":{}}],"line":67},"8":{"loc":{"start":{"line":77,"column":4},"end":{"line":113,"column":5}},"type":"if","locations":[{"start":{"line":77,"column":4},"end":{"line":113,"column":5}},{"start":{},"end":{}}],"line":77},"9":{"loc":{"start":{"line":94,"column":8},"end":{"line":103,"column":9}},"type":"if","locations":[{"start":{"line":94,"column":8},"end":{"line":103,"column":9}},{"start":{"line":98,"column":15},"end":{"line":103,"column":9}}],"line":94},"10":{"loc":{"start":{"line":94,"column":12},"end":{"line":94,"column":50}},"type":"binary-expr","locations":[{"start":{"line":94,"column":12},"end":{"line":94,"column":25}},{"start":{"line":94,"column":29},"end":{"line":94,"column":50}}],"line":94},"11":{"loc":{"start":{"line":120,"column":15},"end":{"line":122,"column":19}},"type":"cond-expr","locations":[{"start":{"line":121,"column":10},"end":{"line":121,"column":74}},{"start":{"line":122,"column":10},"end":{"line":122,"column":19}}],"line":120},"12":{"loc":{"start":{"line":137,"column":10},"end":{"line":137,"column":76}},"type":"binary-expr","locations":[{"start":{"line":137,"column":10},"end":{"line":137,"column":48}},{"start":{"line":137,"column":52},"end":{"line":137,"column":76}}],"line":137},"13":{"loc":{"start":{"line":151,"column":2},"end":{"line":166,"column":3}},"type":"if","locations":[{"start":{"line":151,"column":2},"end":{"line":166,"column":3}},{"start":{},"end":{}}],"line":151},"14":{"loc":{"start":{"line":151,"column":6},"end":{"line":151,"column":57}},"type":"binary-expr","locations":[{"start":{"line":151,"column":6},"end":{"line":151,"column":22}},{"start":{"line":151,"column":26},"end":{"line":151,"column":57}}],"line":151},"15":{"loc":{"start":{"line":152,"column":4},"end":{"line":154,"column":5}},"type":"if","locations":[{"start":{"line":152,"column":4},"end":{"line":154,"column":5}},{"start":{},"end":{}}],"line":152},"16":{"loc":{"start":{"line":157,"column":4},"end":{"line":159,"column":5}},"type":"if","locations":[{"start":{"line":157,"column":4},"end":{"line":159,"column":5}},{"start":{},"end":{}}],"line":157},"17":{"loc":{"start":{"line":163,"column":4},"end":{"line":165,"column":5}},"type":"if","locations":[{"start":{"line":163,"column":4},"end":{"line":165,"column":5}},{"start":{},"end":{}}],"line":163},"18":{"loc":{"start":{"line":163,"column":8},"end":{"line":163,"column":62}},"type":"binary-expr","locations":[{"start":{"line":163,"column":8},"end":{"line":163,"column":16}},{"start":{"line":163,"column":20},"end":{"line":163,"column":62}}],"line":163},"19":{"loc":{"start":{"line":169,"column":2},"end":{"line":171,"column":3}},"type":"if","locations":[{"start":{"line":169,"column":2},"end":{"line":171,"column":3}},{"start":{},"end":{}}],"line":169},"20":{"loc":{"start":{"line":185,"column":6},"end":{"line":187,"column":7}},"type":"if","locations":[{"start":{"line":185,"column":6},"end":{"line":187,"column":7}},{"start":{},"end":{}}],"line":185},"21":{"loc":{"start":{"line":190,"column":6},"end":{"line":192,"column":7}},"type":"if","locations":[{"start":{"line":190,"column":6},"end":{"line":192,"column":7}},{"start":{},"end":{}}],"line":190},"22":{"loc":{"start":{"line":190,"column":10},"end":{"line":190,"column":86}},"type":"binary-expr","locations":[{"start":{"line":190,"column":10},"end":{"line":190,"column":48}},{"start":{"line":190,"column":52},"end":{"line":190,"column":86}}],"line":190},"23":{"loc":{"start":{"line":195,"column":6},"end":{"line":201,"column":7}},"type":"if","locations":[{"start":{"line":195,"column":6},"end":{"line":201,"column":7}},{"start":{},"end":{}}],"line":195},"24":{"loc":{"start":{"line":204,"column":6},"end":{"line":206,"column":7}},"type":"if","locations":[{"start":{"line":204,"column":6},"end":{"line":206,"column":7}},{"start":{},"end":{}}],"line":204},"25":{"loc":{"start":{"line":209,"column":6},"end":{"line":250,"column":7}},"type":"if","locations":[{"start":{"line":209,"column":6},"end":{"line":250,"column":7}},{"start":{},"end":{}}],"line":209},"26":{"loc":{"start":{"line":229,"column":10},"end":{"line":231,"column":11}},"type":"if","locations":[{"start":{"line":229,"column":10},"end":{"line":231,"column":11}},{"start":{},"end":{}}],"line":229},"27":{"loc":{"start":{"line":229,"column":14},"end":{"line":229,"column":83}},"type":"binary-expr","locations":[{"start":{"line":229,"column":14},"end":{"line":229,"column":27}},{"start":{"line":229,"column":31},"end":{"line":229,"column":52}},{"start":{"line":229,"column":56},"end":{"line":229,"column":83}}],"line":229},"28":{"loc":{"start":{"line":242,"column":10},"end":{"line":248,"column":11}},"type":"if","locations":[{"start":{"line":242,"column":10},"end":{"line":248,"column":11}},{"start":{},"end":{}}],"line":242},"29":{"loc":{"start":{"line":257,"column":28},"end":{"line":257,"column":99}},"type":"cond-expr","locations":[{"start":{"line":257,"column":69},"end":{"line":257,"column":87}},{"start":{"line":257,"column":90},"end":{"line":257,"column":99}}],"line":257},"30":{"loc":{"start":{"line":272,"
[...]
"column":4},"end":{"line":132,"column":5}},"35":{"start":{"line":127,"column":6},"end":{"line":131,"column":9}},"36":{"start":{"line":136,"column":19},"end":{"line":136,"column":27}},"37":{"start":{"line":137,"column":2},"end":{"line":141,"column":3}},"38":{"start":{"line":138,"column":4},"end":{"line":138,"column":33}},"39":{"start":{"line":139,"column":9},"end":{"line":141,"column":3}},"40":{"start":{"line":140,"column":4},"end":{"line":140,"column":35}},"41":{"start":{"line":144,"column":2},"end":{"line":144,"column":41}},"42":{"start":{"line":145,"column":2},"end":{"line":145,"column":33}},"43":{"start":{"line":146,"column":2},"end":{"line":146,"column":37}},"44":{"start":{"line":148,"column":29},"end":{"line":148,"column":53}},"45":{"start":{"line":151,"column":2},"end":{"line":160,"column":3}},"46":{"start":{"line":152,"column":4},"end":{"line":159,"column":6}},"47":{"start":{"line":162,"column":2},"end":{"line":162,"column":28}},"48":{"start":{"line":172,"column":26},"end":{"line":192,"column":1}},"49":{"start":{"line":173,"column":22},"end":{"line":173,"column":40}},"50":{"start":{"line":174,"column":2},"end":{"line":176,"column":3}},"51":{"start":{"line":175,"column":4},"end":{"line":175,"column":17}},"52":{"start":{"line":178,"column":24},"end":{"line":178,"column":46}},"53":{"start":{"line":181,"column":2},"end":{"line":188,"column":4}},"54":{"start":{"line":190,"column":2},"end":{"line":190,"column":42}},"55":{"start":{"line":191,"column":2},"end":{"line":191,"column":14}},"56":{"start":{"line":199,"column":20},"end":{"line":201,"column":1}},"57":{"start":{"line":200,"column":2},"end":{"line":200,"column":46}},"58":{"start":{"line":208,"column":22},"end":{"line":210,"column":1}},"59":{"start":{"line":209,"column":2},"end":{"line":209,"column":44}},"60":{"start":{"line":218,"column":22},"end":{"line":220,"column":1}},"61":{"start":{"line":219,"column":2},"end":{"line":219,"column":61}},"62":{"start":{"line":227,"column":30},"end":{"line":229,"column":1}},"63":{"start":{"line":228,"column":2},"end":{"line":228,"column":50}},"64":{"start":{"line":231,"column":0},"end":{"line":242,"column":2}}},"fnMap":{"0":{"name":"(anonymous_0)","decl":{"start":{"line":15,"column":26},"end":{"line":15,"column":27}},"loc":{"start":{"line":15,"column":61},"end":{"line":34,"column":1}},"line":15},"1":{"name":"(anonymous_1)","decl":{"start":{"line":41,"column":17},"end":{"line":41,"column":18}},"loc":{"start":{"line":41,"column":31},"end":{"line":46,"column":1}},"line":41},"2":{"name":"(anonymous_2)","decl":{"start":{"line":53,"column":19},"end":{"line":53,"column":20}},"loc":{"start":{"line":53,"column":35},"end":{"line":55,"column":1}},"line":53},"3":{"name":"(anonymous_3)","decl":{"start":{"line":65,"column":16},"end":{"line":65,"column":17}},"loc":{"start":{"line":65,"column":87},"end":{"line":104,"column":1}},"line":65},"4":{"name":"(anonymous_4)","decl":{"start":{"line":114,"column":26},"end":{"line":114,"column":27}},"loc":{"start":{"line":114,"column":73},"end":{"line":163,"column":1}},"line":114},"5":{"name":"(anonymous_5)","decl":{"start":{"line":125,"column":34},"end":{"line":125,"column":35}},"loc":{"start":{"line":125,"column":41},"end":{"line":133,"column":3}},"line":125},"6":{"name":"(anonymous_6)","decl":{"start":{"line":172,"column":26},"end":{"line":172,"column":27}},"loc":{"start":{"line":172,"column":61},"end":{"line":192,"column":1}},"line":172},"7":{"name":"(anonymous_7)","decl":{"start":{"line":199,"column":20},"end":{"line":199,"column":21}},"loc":{"start":{"line":199,"column":43},"end":{"line":201,"column":1}},"line":199},"8":{"name":"(anonymous_8)","decl":{"start":{"line":208,"column":22},"end":{"line":208,"column":23}},"loc":{"start":{"line":208,"column":41},"end":{"line":210,"column":1}},"line":208},"9":{"name":"(anonymous_9)","decl":{"start":{"line":218,"column":22},"end":{"line":218,"column":23}},"loc":{"start":{"line":218,"column":58},"end":{"line":220,"column":1}},"line":218},"10":{"name":"(anonymous_10)","decl":{"start":{"line":227,"column":30},"end":{"line":227,"column":31}},"loc":{"start":{"line":227,"column":44},"end":{"line":229,"column":1}},"line":227}},"branchMap":{"0":{"loc":{"start":{"line":42,"column":2},"end":{"line":44,"column":3}},"type":"if","locations":[{"start":{"line":42,"column":2},"end":{"line":44,"column":3}},{"start":{},"end":{}}],"line":42},"1":{"loc":{"start":{"line":65,"column":23},"end":{"line":65,"column":34}},"type":"default-arg","locations":[{"start":{"line":65,"column":32},"end":{"line":65,"column":34}}],"line":65},"2":{"loc":{"start":{"line":65,"column":36},"end":{"line":65,"column":44}},"type":"default-arg","locations":[{"start":{"line":65,"column":43},"end":{"line":65,"column":44}}],"line":65},"3":{"loc":{"start":{"line":65,"column":46},"end":{"line":65,"column":56}},"type":"default-arg","locations":[{"start":{"line":65,"column":54},"end":{"line":65,"column":56}}],"line":65},"4":{"loc":{"start":{"line":65,"column":58},"end":{"line":65,"column":82}},"type":"default-arg","locations":[{"start":{"line":65,"column":65},"end":{"line":65,"column":82}}],"line":65},"5":{"loc":{"start":{"line":69,"column":2},"end":{"line":72,"column":3}},"type":"if","locations":[{"start":{"line":69,"column":2},"end":{"line":72,"column":3}},{"start":{},"end":{}}],"line":69},"6":{"loc":{"start":{"line":75,"column":2},"end":{"line":77,"column":3}},"type":"if","locations":[{"start":{"line":75,"column":2},"end":{"line":77,"column":3}},{"start":{},"end":{}}],"line":75},"7":{"loc":{"start":{"line":80,"column":2},"end":{"line":82,"column":3}},"type":"if","locations":[{"start":{"line":80,"column":2},"end":{"line":82,"column":3}},{"start":{},"end":{}}],"line":80},"8":{"loc":{"start":{"line":85,"column":2},"end":{"line":87,"column":3}},"type":"if","locations":[{"start":{"line":85,"column":2},"end":{"line":87,"column":3}},{"start":{},"end":{}}],"line":85},"9":{"loc":{"start":{"line":114,"column":57},"end":{"line":114,"column":68}},"type":"default-arg","locations":[{"start":{"line":114,"column":66},"end":{"line":114,"column":68}}],"line":114},"10":{"loc":{"start":{"line":117,"column":2},"end":{"line":119,"column":3}},"type":"if","locations":[{"start":{"line":117,"column":2},"end":{"line":119,"column":3}},{"start":{},"end":{}}],"line":117},"11":{"loc":{"start":{"line":126,"column":4},"end":{"line":132,"column":5}},"type":"if","locations":[{"start":{"line":126,"column":4},"end":{"line":132,"column":5}},{"start":{},"end":{}}],"line":126},"12":{"loc":{"start":{"line":137,"column":2},"end":{"line":141,"column":3}},"type":"if","locations":[{"start":{"line":137,"column":2},"end":{"line":141,"column":3}},{"start":{"line":139,"column":9},"end":{"line":141,"column":3}}],"line":137},"13":{"loc":{"start":{"line":137,"column":6},"end":{"line":137,"column":67}},"type":"binary-expr","locations":[{"start":{"line":137,"column":6},"end":{"line":137,"column":23}},{"start":{"line":137,"column":27},"end":{"line":137,"column":67}}],"line":137},"14":{"loc":{"start":{"line":139,"column":9},"end":{"line":141,"column":3}},"type":"if","locations":[{"start":{"line":139,"column":9},"end":{"line":141,"column":3}},{"start":{},"end":{}}],"line":139},"15":{"loc":{"start":{"line":139,"column":13},"end":{"line":139,"column":112}},"type":"binary-expr","locations":[{"start":{"line":139,"column":13},"end":{"line":139,"column":32}},{"start":{"line":139,"column":36},"end":{"line":139,"column":112}}],"line":139},"16":{"loc":{"start":{"line":151,"column":2},"end":{"line":160,"column":3}},"type":"if","locations":[{"start":{"line":151,"column":2},"end":{"line":160,"column":3}},{"start":{},"end":{}}],"line":151},"17":{"loc":{"start":{"line":172,"column":45},"end":{"line":172,"column":56}},"type":"default-arg","locations":[{"start":{"line":172,"column":54},"end":{"line":172,"column":56}}],"line":172},"18":{"loc":{"start":{"line":174,"column":2},"end":{"line":176,"column":3}},"type":"if","locations":[{"start":{"line":174,"column":2},"end":{"line":176,"column":3}},{"start":{},"end":{}}],"line":174}},"s":{"0":0,"1":0,"2":0,"3":0,"4":0,"5":0,"6":0,"7":0,"8":0,"9":0,"10":0,"11":0,"12":0,"13":0,"14":0,"15":0,"16":0,"17":0,"18":0,"19":0,"20":0,"21":0,"22":0,"23":0,"24":0,"25":0,"26":0,"27":0,"28":0,"29":0,"30":0,"31":0,"32":0,"33":0,"34":0,"35":0,"36":0,"37":0,"38":0,"39":0,"40":0,"41":0,"42":0,"43":0,"44":0,"45":0,"46":0,"47":0,"48":0,"49":0,"50":0,"51":0,"52":0,"53":0,"54":0,"55":0,"56":0,"57":0,"58":0,"59":0,"60":0,"61":0,"62":0,"63":0,"64":0},"f":{"0":0,"1":0,"2":0,"3":0,"4":0,"5":0,"6":0,"7":0,"8":0,"9":0,"10":0},"b":{"0":[0,0],"1":[0],"2":[0],"3":[0],"4":[0],"5":[0,0],"6":[0,0],"7":[0,0],"8":[0,0],"9":[0],"10":[0,0],"11":[0,0],"12":[0,0],"13":[0,0],"14":[0,0],"15":[0,0],"16":[0,0],"17":[0],"18":[0,0]}}
,"D:\\sarana-erp\\apps\\core-service\\src\\utils\\errors.js": {"path":"D:\\sarana-erp\\apps\\core-service\\src\\utils\\errors.js","statementMap":{"0":{"start":{"line":11,"column":4},"end":{"line":11,"column":19}},"1":{"start":{"line":12,"column":4},"end":{"line":12,"column":38}},"2":{"start":{"line":13,"column":4},"end":{"line":13,"column":33}},"3":{"start":{"line":14,"column":4},"end":{"line":14,"column":52}},"4":{"start":{"line":23,"column":4},"end":{"line":23,"column":24}},"5":{"start":{"line":24,"column":4},"end":{"line":24,"column":34}},"6":{"start":{"line":33,"column":4},"end":{"line":33,"column":24}},"7":{"start":{"line":34,"column":4},"end":{"line":34,"column":32}},"8":{"start":{"line":43,"column":4},"end":{"line":43,"column":24}},"9":{"start":{"line":44,"column":4},"end":{"line":44,"column":36}},"10":{"start":{"line":53,"column":4},"end":{"line":53,"column":24}},"11":{"start":{"line":54,"column":4},"end":{"line":54,"column":33}},"12":{"start":{"line":63,"column":4},"end":{"line":63,"column":24}},"13":{"start":{"line":64,"column":4},"end":{"line":64,"column":32}},"14":{"start":{"line":73,"column":4},"end":{"line":73,"column":24}},"15":{"start":{"line":74,"column":4},"end":{"line":74,"column":42}},"16":{"start":{"line":83,"column":4},"end":{"line":83,"column":24}},"17":{"start":{"line":84,"column":4},"end":{"line":84,"column":34}},"18":{"start":{"line":95,"column":21},"end":{"line":110,"column":1}},"19":{"start":{"line":96,"column":21},"end":{"line":96,"column":42}},"20":{"start":{"line":97,"column":24},"end":{"line":101,"column":3}},"21":{"start":{"line":104,"column":2},"end":{"line":104,"column":55}},"22":{"start":{"line":105,"column":2},"end":{"line":107,"column":3}},"23":{"start":{"line":106,"column":4},"end":{"line":106,"column":29}},"24":{"start":{"line":109,"column":2},"end":{"line":109,"column":45}},"25":{"start":{"line":112,"column":0},"end":{"line":122,"column":2}}},"fnMap":{"0":{"name":"(anonymous_0)","decl":{"start":{"line":10,"column":2},"end":{"line":10,"column":3}},"loc":{"start":{"line":10,"column":41},"end":{"line":15,"column":3}},"line":10},"1":{"name":"(anonymous_1)","decl":{"start":{"line":22,"column":2},"end":{"line":22,"column":3}},"loc":{"start":{"line":22,"column":45},"end":{"line":25,"column":3}},"line":22},"2":{"name":"(anonymous_2)","decl":{"start":{"line":32,"column":2},"end":{"line":32,"column":3}},"loc":{"start":{"line":32,"column":46},"end":{"line":35,"column":3}},"line":32},"3":{"name":"(anonymous_3)","decl":{"start":{"line":42,"column":2},"end":{"line":42,"column":3}},"loc":{"start":{"line":42,"column":47},"end":{"line":45,"column":3}},"line":42},"4":{"name":"(anonymous_4)","decl":{"start":{"line":52,"column":2},"end":{"line":52,"column":3}},"loc":{"start":{"line":52,"column":44},"end":{"line":55,"column":3}},"line":52},"5":{"name":"(anonymous_5)","decl":{"start":{"line":62,"column":2},"end":{"line":62,"column":3}},"loc":{"start":{"line":62,"column":45},"end":{"line":65,"column":3}},"line":62},"6":{"name":"(anonymous_6)","decl":{"start":{"line":72,"column":2},"end":{"line":72,"column":3}},"loc":{"start":{"line":72,"column":47},"end":{"line":75,"column":3}},"line":72},"7":{"name":"(anonymous_7)","decl":{"start":{"line":82,"column":2},"end":{"line":82,"column":3}},"loc":{"start":{"line":82,"column":39},"end":{"line":85,"column":3}},"line":82},"8":{"name":"(anonymous_8)","decl":{"start":{"line":95,"column":21},"end":{"line":95,"column":22}},"loc":{"start":{"line":95,"column":46},"end":{"line":110,"column":1}},"line":95}},"branchMap":{"0":{"loc":{"start":{"line":10,"column":23},"end":{"line":10,"column":39}},"type":"default-arg","locations":[{"start":{"line":10,"column":36},"end":{"line":10,"column":39}}],"line":10},"1":{"loc":{"start":{"line":22,"column":14},"end":{"line":22,"column":43}},"type":"default-arg","locations":[{"start":{"line":22,"column":24},"end":{"line":22,"column":43}}],"line":22},"2":{"loc":{"start":{"line":32,"column":14},"end":{"line":32,"column":44}},"type":"default-arg","locations":[{"start":{"line":32,"column":24},"end":{"line":32,"column":44}}],"line":32},"3":{"loc":{"start":{"line":42,"column":14},"end":{"line":42,"column":45}},"type":"default-arg","locations":[{"start":{"line":42,"column":24},"end":{"line":42,"column":45}}],"line":42},"4":{"loc":{"start":{"line":52,"column":14},"end":{"line":52,"column":42}},"type":"default-arg","locations":[{"start":{"line":52,"column":24},"end":{"line":52,"column":42}}],"line":52},"5":{"loc":{"start":{"line":62,"column":14},"end":{"line":62,"column":43}},"type":"default-arg","locations":[{"start":{"line":62,"column":24},"end":{"line":62,"column":43}}],"line":62},"6":{"loc":{"start":{"line":72,"column":14},"end":{"line":72,"column":45}},"type":"default-arg","locations":[{"start":{"line":72,"column":24},"end":{"line":72,"column":45}}],"line":72},"7":{"loc":{"start":{"line":82,"column":14},"end":{"line":82,"column":37}},"type":"default-arg","locations":[{"start":{"line":82,"column":24},"end":{"line":82,"column":37}}],"line":82},"8":{"loc":{"start":{"line":96,"column":21},"end":{"line":96,"column":42}},"type":"binary-expr","locations":[{"start":{"line":96,"column":21},"end":{"line":96,"column":35}},{"start":{"line":96,"column":39},"end":{"line":96,"column":42}}],"line":96},"9":{"loc":{"start":{"line":99,"column":13},"end":{"line":99,"column":51}},"type":"binary-expr","locations":[{"start":{"line":99,"column":13},"end":{"line":99,"column":24}},{"start":{"line":99,"column":28},"end":{"line":99,"column":51}}],"line":99},"10":{"loc":{"start":{"line":100,"column":8},"end":{"line":100,"column":70}},"type":"binary-expr","locations":[{"start":{"line":100,"column":8},"end":{"line":100,"column":46}},{"start":{"line":100,"column":50},"end":{"line":100,"column":70}}],"line":100},"11":{"loc":{"start":{"line":105,"column":2},"end":{"line":107,"column":3}},"type":"if","locations":[{"start":{"line":105,"column":2},"end":{"line":107,"column":3}},{"start":{},"end":{}}],"line":105}},"s":{"0":0,"1":0,"2":0,"3":0,"4":0,"5":0,"6":0,"7":0,"8":0,"9":0,"10":0,"11":0,"12":0,"13":0,"14":0,"15":0,"16":0,"17":0,"18":0,"19":0,"20":0,"21":0,"22":0,"23":0,"24":0,"25":0},"f":{"0":0,"1":0,"2":0,"3":0,"4":0,"5":0,"6":0,"7":0,"8":0},"b":{"0":[0],"1":[0],"2":[0],"3":[0],"4":[0],"5":[0],"6":[0],"7":[0],"8":[0,0],"9":[0,0],"10":[0,0],"11":[0,0]}}
,"D:\\sarana-erp\\apps\\core-service\\src\\utils\\index.js": {"path":"D:\\sarana-erp\\apps\\core-service\\src\\utils\\index.js","statementMap":{"0":{"start":{"line":6,"column":15},"end":{"line":6,"column":34}},"1":{"start":{"line":8,"column":0},"end":{"line":10,"column":2}}},"fnMap":{},"branchMap":{},"s":{"0":0,"1":0},"f":{},"b":{}}
,"D:\\sarana-erp\\apps\\core-service\\src\\utils\\logger.js": {"path":"D:\\sarana-erp\\apps\\core-service\\src\\utils\\logger.js","statementMap":{"0":{"start":{"line":6,"column":16},"end":{"line":6,"column":34}},"1":{"start":{"line":7,"column":31},"end":{"line":7,"column":38}},"2":{"start":{"line":11,"column":28},"end":{"line":22,"column":1}},"3":{"start":{"line":12,"column":15},"end":{"line":12,"column":28}},"4":{"start":{"line":13,"column":2},"end":{"line":21,"column":4}},"5":{"start":{"line":14,"column":4},"end":{"line":19,"column":5}},"6":{"start":{"line":15,"column":6},"end":{"line":17,"column":7}},"7":{"start":{"line":16,"column":8},"end":{"line":16,"column":28}},"8":{"start":{"line":18,"column":6},"end":{"line":18,"column":22}},"9":{"start":{"line":20,"column":4},"end":{"line":20,"column":17}},"10":{"start":{"line":25,"column":18},"end":{"line":41,"column":1}},"11":{"start":{"line":31,"column":4},"end":{"line":35,"column":5}},"12":{"start":{"line":32,"column":20},"end":{"line":32,"column":32}},"13":{"start":{"line":33,"column":6},"end":{"line":33,"column":35}},"14":{"start":{"line":34,"column":6},"end":{"line":34,"column":31}},"15":{"start":{"line":36,"column":4},"end":{"line":36,"column":16}},"16":{"start":{"line":44,"column":15},"end":{"line":80,"column":2}},"17":{"start":{"line":55,"column":27},"end":{"line":55,"column":29}},"18":{"start":{"line":56,"column":10},"end":{"line":62,"column":11}},"19":{"start":{"line":57,"column":12},"end":{"line":59,"column":19}},"20":{"start":{"line":61,"column":12},"end":{"line":61,"column":56}},"21":{"start":{"line":63,"column":10},"end":{"line":63,"column":67}},"22":{"start":{"line":83,"column":0},"end":{"line":87,"column":2}},"23":{"start":{"line":85,"column":4},"end":{"line":85,"column":32}},"24":{"start":{"line":89,"column":0},"end":{"line":89,"column":24}}},"fnMap":{"0":{"name":"(anonymous_0)","decl":{"start":{"line":11,"column":28},"end":{"line":11,"column":29}},"loc":{"start":{"line":11,"column":34},"end":{"line":22,"column":1}},"line":11},"1":{"name":"(anonymous_1)","decl":{"start":{"line":13,"column":9},"end":{"line":13,"column":10}},"loc":{"start":{"line":13,"column":25},"end":{"line":21,"column":3}},"line":13},"2":{"name":"(anonymous_2)","decl":{"start":{"line":29,"column":9},"end":{"line":29,"column":10}},"loc":{"start":{"line":29,"column":19},"end":{"line":37,"column":3}},"line":29},"3":{"name":"(anonymous_3)","decl":{"start":{"line":53,"column":22},"end":{"line":53,"column":23}},"loc":{"start":{"line":53,"column":66},"end":{"line":64,"column":9}},"line":53},"4":{"name":"(anonymous_4)","decl":{"start":{"line":84,"column":9},"end":{"line":84,"column":10}},"loc":{"start":{"line":84,"column":22},"end":{"line":86,"column":3}},"line":84}},"branchMap":{"0":{"loc":{"start":{"line":14,"column":4},"end":{"line":19,"column":5}},"type":"if","locations":[{"start":{"line":14,"column":4},"end":{"line":19,"column":5}},{"start":{},"end":{}}],"line":14},"1":{"loc":{"start":{"line":14,"column":8},"end":{"line":14,"column":51}},"type":"binary-expr","locations":[{"start":{"line":14,"column":8},"end":{"line":14,"column":33}},{"start":{"line":14,"column":37},"end":{"line":14,"column":51}}],"line":14},"2":{"loc":{"start":{"line":15,"column":6},"end":{"line":17,"column":7}},"type":"if","locations":[{"start":{"line":15,"column":6},"end":{"line":17,"column":7}},{"start":{},"end":{}}],"line":15},"3":{"loc":{"start":{"line":31,"column":4},"end":{"line":35,"column":5}},"type":"if","locations":[{"start":{"line":31,"column":4},"end":{"line":35,"column":5}},{"start":{},"end":{}}],"line":31},"4":{"loc":{"start":{"line":31,"column":8},"end":{"line":31,"column":53}},"type":"binary-expr","locations":[{"start":{"line":31,"column":8},"end":{"line":31,"column":20}},{"start":{"line":31,"column":24},"end":{"line":31,"column":53}}],"line":31},"5":{"loc":{"start":{"line":45,"column":9},"end":{"line":45,"column":40}},"type":"binary-expr","locations":[{"start":{"line":45,"column":9},"end":{"line":45,"column":30}},{"start":{"line":45,"column":34},"end":{"line":45,"column":40}}],"line":45},"6":{"loc":{"start":{"line":57,"column":25},"end":{"line":59,"column":18}},"type":"cond-expr","locations":[{"start":{"line":58,"column":16},"end":{"line":58,"column":62}},{"start":{"line":59,"column":16},"end":{"line":59,"column":18}}],"line":57}},"s":{"0":0,"1":0,"2":0,"3":0,"4":0,"5":0,"6":0,"7":0,"8":0,"9":0,"10":0,"11":0,"12":0,"13":0,"14":0,"15":0,"16":0,"17":0,"18":0,"19":0,"20":0,"21":0,"22":0,"23":0,"24":0},"f":{"0":0,"1":0,"2":0,"3":0,"4":0},"b":{"0":[0,0],"1":[0,0],"2":[0,0],"3":[0,0],"4":[0,0],"5":[0,0],"6":[0,0]}}
}
