TN:
SF:src\index.js
FN:25,(anonymous_0)
FN:26,(anonymous_1)
FN:52,(anonymous_2)
FN:63,(anonymous_3)
FN:73,(anonymous_4)
FN:86,(anonymous_5)
FN:103,(anonymous_6)
FN:117,(anonymous_7)
FN:122,(anonymous_8)
FNF:9
FNH:0
FNDA:0,(anonymous_0)
FNDA:0,(anonymous_1)
FNDA:0,(anonymous_2)
FNDA:0,(anonymous_3)
FNDA:0,(anonymous_4)
FNDA:0,(anonymous_5)
FNDA:0,(anonymous_6)
FNDA:0,(anonymous_7)
FNDA:0,(anonymous_8)
DA:6,0
DA:7,0
DA:8,0
DA:9,0
DA:10,0
DA:13,0
DA:14,0
DA:17,0
DA:18,0
DA:19,0
DA:20,0
DA:23,0
DA:24,0
DA:25,0
DA:26,0
DA:29,0
DA:49,0
DA:52,0
DA:53,0
DA:54,0
DA:55,0
DA:56,0
DA:58,0
DA:59,0
DA:63,0
DA:64,0
DA:65,0
DA:66,0
DA:68,0
DA:69,0
DA:73,0
DA:74,0
DA:75,0
DA:76,0
DA:77,0
DA:79,0
DA:81,0
DA:82,0
DA:86,0
DA:87,0
DA:88,0
DA:93,0
DA:94,0
DA:96,0
DA:98,0
DA:99,0
DA:103,0
DA:104,0
DA:105,0
DA:106,0
DA:107,0
DA:109,0
DA:111,0
DA:112,0
DA:117,0
DA:118,0
DA:122,0
DA:123,0
DA:126,0
LF:59
LH:0
BRDA:14,0,0,0
BRDA:14,0,1,0
BRDA:23,1,0,0
BRDA:23,1,1,0
BRDA:76,2,0,0
BRDA:76,2,1,0
BRDA:93,3,0,0
BRDA:93,3,1,0
BRDA:106,4,0,0
BRDA:106,4,1,0
BRF:10
BRH:0
end_of_record
TN:
SF:src\server.js
FN:38,(anonymous_0)
FN:48,(anonymous_1)
FN:60,(anonymous_2)
FNF:3
FNH:0
FNDA:0,(anonymous_0)
FNDA:0,(anonymous_1)
FNDA:0,(anonymous_2)
DA:6,0
DA:7,0
DA:8,0
DA:9,0
DA:10,0
DA:11,0
DA:12,0
DA:13,0
DA:14,0
DA:15,0
DA:18,0
DA:21,0
DA:24,0
DA:25,0
DA:26,0
DA:27,0
DA:28,0
DA:29,0
DA:32,0
DA:35,0
DA:38,0
DA:39,0
DA:48,0
DA:49,0
DA:51,0
DA:59,0
DA:60,0
DA:61,0
DA:64,0
LF:29
LH:0
BRDA:51,0,0,0
BRDA:51,0,1,0
BRDA:53,1,0,0
BRDA:53,1,1,0
BRDA:54,2,0,0
BRDA:54,2,1,0
BRDA:59,3,0,0
BRDA:59,3,1,0
BRF:8
BRH:0
end_of_record
TN:
SF:src\api\controllers\branchController.js
FN:15,(anonymous_0)
FN:44,(anonymous_1)
FN:78,(anonymous_2)
FN:115,(anonymous_3)
FN:156,(anonymous_4)
FN:199,(anonymous_5)
FN:233,(anonymous_6)
FN:277,(anonymous_7)
FN:314,(anonymous_8)
FN:351,(anonymous_9)
FN:388,(anonymous_10)
FN:423,(anonymous_11)
FNF:12
FNH:0
FNDA:0,(anonymous_0)
FNDA:0,(anonymous_1)
FNDA:0,(anonymous_2)
FNDA:0,(anonymous_3)
FNDA:0,(anonymous_4)
FNDA:0,(anonymous_5)
FNDA:0,(anonymous_6)
FNDA:0,(anonymous_7)
FNDA:0,(anonymous_8)
FNDA:0,(anonymous_9)
FNDA:0,(anonymous_10)
FNDA:0,(anonymous_11)
DA:6,0
DA:7,0
DA:15,0
DA:16,0
DA:17,0
DA:18,0
DA:20,0
DA:22,0
DA:28,0
DA:30,0
DA:44,0
DA:45,0
DA:46,0
DA:48,0
DA:50,0
DA:55,0
DA:57,0
DA:58,0
DA:64,0
DA:78,0
DA:79,0
DA:80,0
DA:81,0
DA:82,0
DA:84,0
DA:86,0
DA:92,0
DA:94,0
DA:95,0
DA:101,0
DA:115,0
DA:116,0
DA:117,0
DA:119,0
DA:121,0
DA:126,0
DA:128,0
DA:129,0
DA:135,0
DA:136,0
DA:142,0
DA:156,0
DA:157,0
DA:158,0
DA:161,0
DA:162,0
DA:163,0
DA:164,0
DA:167,0
DA:168,0
DA:170,0
DA:177,0
DA:183,0
DA:185,0
DA:199,0
DA:200,0
DA:201,0
DA:203,0
DA:205,0
DA:210,0
DA:212,0
DA:213,0
DA:219,0
DA:233,0
DA:234,0
DA:235,0
DA:236,0
DA:237,0
DA:239,0
DA:241,0
DA:247,0
DA:249,0
DA:250,0
DA:256,0
DA:257,0
DA:263,0
DA:277,0
DA:278,0
DA:279,0
DA:280,0
DA:281,0
DA:283,0
DA:285,0
DA:291,0
DA:293,0
DA:294,0
DA:300,0
DA:314,0
DA:315,0
DA:316,0
DA:317,0
DA:318,0
DA:320,0
DA:322,0
DA:328,0
DA:330,0
DA:331,0
DA:337,0
DA:351,0
DA:352,0
DA:353,0
DA:354,0
DA:355,0
DA:357,0
DA:359,0
DA:365,0
DA:367,0
DA:368,0
DA:374,0
DA:388,0
DA:389,0
DA:390,0
DA:391,0
DA:393,0
DA:395,0
DA:400,0
DA:402,0
DA:403,0
DA:409,0
DA:423,0
DA:424,0
DA:425,0
DA:426,0
DA:427,0
DA:429,0
DA:431,0
DA:437,0
DA:439,0
DA:440,0
DA:446,0
DA:454,0
LF:131
LH:0
BRDA:30,0,0,0
BRDA:30,0,1,0
BRDA:32,1,0,0
BRDA:32,1,1,0
BRDA:33,2,0,0
BRDA:33,2,1,0
BRDA:57,3,0,0
BRDA:57,3,1,0
BRDA:67,4,0,0
BRDA:67,4,1,0
BRDA:94,5,0,0
BRDA:94,5,1,0
BRDA:104,6,0,0
BRDA:104,6,1,0
BRDA:128,7,0,0
BRDA:128,7,1,0
BRDA:135,8,0,0
BRDA:135,8,1,0
BRDA:145,9,0,0
BRDA:145,9,1,0
BRDA:158,10,0,0
BRDA:158,11,0,0
BRDA:158,12,0,0
BRDA:158,13,0,0
BRDA:162,14,0,0
BRDA:162,14,1,0
BRDA:163,15,0,0
BRDA:163,15,1,0
BRDA:164,16,0,0
BRDA:164,16,1,0
BRDA:168,17,0,0
BRDA:168,17,1,0
BRDA:188,18,0,0
BRDA:188,18,1,0
BRDA:203,19,0,0
BRDA:203,19,1,0
BRDA:212,20,0,0
BRDA:212,20,1,0
BRDA:222,21,0,0
BRDA:222,21,1,0
BRDA:249,22,0,0
BRDA:249,22,1,0
BRDA:256,23,0,0
BRDA:256,23,1,0
BRDA:266,24,0,0
BRDA:266,24,1,0
BRDA:293,25,0,0
BRDA:293,25,1,0
BRDA:303,26,0,0
BRDA:303,26,1,0
BRDA:330,27,0,0
BRDA:330,27,1,0
BRDA:340,28,0,0
BRDA:340,28,1,0
BRDA:367,29,0,0
BRDA:367,29,1,0
BRDA:377,30,0,0
BRDA:377,30,1,0
BRDA:402,31,0,0
BRDA:402,31,1,0
BRDA:412,32,0,0
BRDA:412,32,1,0
BRDA:439,33,0,0
BRDA:439,33,1,0
BRDA:449,34,0,0
BRDA:449,34,1,0
BRF:66
BRH:0
end_of_record
TN:
SF:src\api\controllers\serviceAreaController.js
FN:14,(anonymous_0)
FN:50,(anonymous_1)
FN:83,(anonymous_2)
FN:129,(anonymous_3)
FN:179,(anonymous_4)
FN:223,(anonymous_5)
FN:256,(anonymous_6)
FN:305,(anonymous_7)
FN:338,(anonymous_8)
FN:382,(anonymous_9)
FN:426,(anonymous_10)
FN:470,(anonymous_11)
FN:505,(anonymous_12)
FN:548,(anonymous_13)
FN:581,(anonymous_14)
FN:626,(anonymous_15)
FN:670,(anonymous_16)
FN:705,(anonymous_17)
FN:751,(anonymous_18)
FN:807,(anonymous_19)
FNF:20
FNH:0
FNDA:0,(anonymous_0)
FNDA:0,(anonymous_1)
FNDA:0,(anonymous_2)
FNDA:0,(anonymous_3)
FNDA:0,(anonymous_4)
FNDA:0,(anonymous_5)
FNDA:0,(anonymous_6)
FNDA:0,(anonymous_7)
FNDA:0,(anonymous_8)
FNDA:0,(anonymous_9)
FNDA:0,(anonymous_10)
FNDA:0,(anonymous_11)
FNDA:0,(anonymous_12)
FNDA:0,(anonymous_13)
FNDA:0,(anonymous_14)
FNDA:0,(anonymous_15)
FNDA:0,(anonymous_16)
FNDA:0,(anonymous_17)
FNDA:0,(anonymous_18)
FNDA:0,(anonymous_19)
DA:6,0
DA:7,0
DA:14,0
DA:15,0
DA:16,0
DA:17,0
DA:19,0
DA:21,0
DA:27,0
DA:29,0
DA:30,0
DA:37,0
DA:50,0
DA:51,0
DA:52,0
DA:54,0
DA:56,0
DA:61,0
DA:63,0
DA:64,0
DA:70,0
DA:83,0
DA:84,0
DA:85,0
DA:88,0
DA:89,0
DA:90,0
DA:91,0
DA:92,0
DA:95,0
DA:96,0
DA:97,0
DA:98,0
DA:101,0
DA:108,0
DA:114,0
DA:116,0
DA:129,0
DA:130,0
DA:131,0
DA:132,0
DA:133,0
DA:134,0
DA:137,0
DA:138,0
DA:141,0
DA:143,0
DA:149,0
DA:151,0
DA:152,0
DA:158,0
DA:159,0
DA:166,0
DA:179,0
DA:180,0
DA:181,0
DA:182,0
DA:183,0
DA:184,0
DA:186,0
DA:188,0
DA:193,0
DA:195,0
DA:196,0
DA:202,0
DA:203,0
DA:210,0
DA:223,0
DA:224,0
DA:225,0
DA:227,0
DA:229,0
DA:234,0
DA:236,0
DA:237,0
DA:243,0
DA:256,0
DA:257,0
DA:258,0
DA:259,0
DA:261,0
DA:269,0
DA:275,0
DA:277,0
DA:278,0
DA:284,0
DA:285,0
DA:292,0
DA:305,0
DA:306,0
DA:307,0
DA:309,0
DA:311,0
DA:316,0
DA:318,0
DA:319,0
DA:325,0
DA:338,0
DA:339,0
DA:340,0
DA:341,0
DA:344,0
DA:345,0
DA:347,0
DA:354,0
DA:360,0
DA:362,0
DA:363,0
DA:369,0
DA:382,0
DA:383,0
DA:384,0
DA:385,0
DA:388,0
DA:389,0
DA:391,0
DA:398,0
DA:404,0
DA:406,0
DA:407,0
DA:413,0
DA:426,0
DA:427,0
DA:428,0
DA:429,0
DA:430,0
DA:432,0
DA:434,0
DA:440,0
DA:442,0
DA:443,0
DA:449,0
DA:450,0
DA:457,0
DA:470,0
DA:471,0
DA:472,0
DA:473,0
DA:474,0
DA:476,0
DA:478,0
DA:483,0
DA:485,0
DA:486,0
DA:492,0
DA:505,0
DA:506,0
DA:507,0
DA:508,0
DA:510,0
DA:512,0
DA:518,0
DA:520,0
DA:521,0
DA:527,0
DA:528,0
DA:535,0
DA:548,0
DA:549,0
DA:550,0
DA:552,0
DA:554,0
DA:559,0
DA:561,0
DA:562,0
DA:568,0
DA:581,0
DA:582,0
DA:583,0
DA:584,0
DA:587,0
DA:588,0
DA:589,0
DA:591,0
DA:598,0
DA:604,0
DA:606,0
DA:607,0
DA:613,0
DA:626,0
DA:627,0
DA:628,0
DA:629,0
DA:630,0
DA:632,0
DA:634,0
DA:640,0
DA:642,0
DA:643,0
DA:649,0
DA:650,0
DA:657,0
DA:670,0
DA:671,0
DA:672,0
DA:673,0
DA:674,0
DA:676,0
DA:678,0
DA:683,0
DA:685,0
DA:686,0
DA:692,0
DA:705,0
DA:706,0
DA:707,0
DA:709,0
DA:716,0
DA:721,0
DA:723,0
DA:724,0
DA:730,0
DA:731,0
DA:738,0
DA:751,0
DA:752,0
DA:753,0
DA:756,0
DA:761,0
DA:762,0
DA:763,0
DA:767,0
DA:768,0
DA:769,0
DA:772,0
DA:779,0
DA:784,0
DA:786,0
DA:787,0
DA:794,0
DA:807,0
DA:808,0
DA:809,0
DA:812,0
DA:816,0
DA:818,0
DA:823,0
DA:825,0
DA:826,0
DA:833,0
DA:841,0
LF:241
LH:0
BRDA:29,0,0,0
BRDA:29,0,1,0
BRDA:63,1,0,0
BRDA:63,1,1,0
BRDA:85,2,0,0
BRDA:85,3,0,0
BRDA:89,4,0,0
BRDA:89,4,1,0
BRDA:90,5,0,0
BRDA:90,5,1,0
BRDA:91,6,0,0
BRDA:91,6,1,0
BRDA:92,7,0,0
BRDA:92,7,1,0
BRDA:96,8,0,0
BRDA:96,8,1,0
BRDA:98,9,0,0
BRDA:98,9,1,0
BRDA:134,10,0,0
BRDA:134,10,1,0
BRDA:137,11,0,0
BRDA:137,11,1,0
BRDA:151,12,0,0
BRDA:151,12,1,0
BRDA:158,13,0,0
BRDA:158,13,1,0
BRDA:183,14,0,0
BRDA:183,14,1,0
BRDA:195,15,0,0
BRDA:195,15,1,0
BRDA:202,16,0,0
BRDA:202,16,1,0
BRDA:236,17,0,0
BRDA:236,17,1,0
BRDA:277,18,0,0
BRDA:277,18,1,0
BRDA:284,19,0,0
BRDA:284,19,1,0
BRDA:318,20,0,0
BRDA:318,20,1,0
BRDA:341,21,0,0
BRDA:341,22,0,0
BRDA:345,23,0,0
BRDA:345,23,1,0
BRDA:362,24,0,0
BRDA:362,24,1,0
BRDA:385,25,0,0
BRDA:385,26,0,0
BRDA:389,27,0,0
BRDA:389,27,1,0
BRDA:406,28,0,0
BRDA:406,28,1,0
BRDA:442,29,0,0
BRDA:442,29,1,0
BRDA:449,30,0,0
BRDA:449,30,1,0
BRDA:474,31,0,0
BRDA:474,31,1,0
BRDA:485,32,0,0
BRDA:485,32,1,0
BRDA:520,33,0,0
BRDA:520,33,1,0
BRDA:527,34,0,0
BRDA:527,34,1,0
BRDA:561,35,0,0
BRDA:561,35,1,0
BRDA:584,36,0,0
BRDA:584,37,0,0
BRDA:588,38,0,0
BRDA:588,38,1,0
BRDA:589,39,0,0
BRDA:589,39,1,0
BRDA:606,40,0,0
BRDA:606,40,1,0
BRDA:642,41,0,0
BRDA:642,41,1,0
BRDA:649,42,0,0
BRDA:649,42,1,0
BRDA:674,43,0,0
BRDA:674,43,1,0
BRDA:685,44,0,0
BRDA:685,44,1,0
BRDA:723,45,0,0
BRDA:723,45,1,0
BRDA:730,46,0,0
BRDA:730,46,1,0
BRDA:753,47,0,0
BRDA:762,48,0,0
BRDA:762,48,1,0
BRDA:768,49,0,0
BRDA:768,49,1,0
BRDA:786,50,0,0
BRDA:786,50,1,0
BRDA:825,51,0,0
BRDA:825,51,1,0
BRF:95
BRH:0
end_of_record
TN:
SF:src\api\middlewares\authMiddleware.js
FN:14,(anonymous_0)
FN:90,(anonymous_1)
FN:149,(anonymous_2)
FN:181,(anonymous_3)
FN:182,(anonymous_4)
FN:225,(anonymous_5)
FNF:6
FNH:0
FNDA:0,(anonymous_0)
FNDA:0,(anonymous_1)
FNDA:0,(anonymous_2)
FNDA:0,(anonymous_3)
FNDA:0,(anonymous_4)
FNDA:0,(anonymous_5)
DA:6,0
DA:7,0
DA:8,0
DA:14,0
DA:15,0
DA:17,0
DA:19,0
DA:25,0
DA:29,0
DA:30,0
DA:31,0
DA:38,0
DA:41,0
DA:42,0
DA:50,0
DA:51,0
DA:52,0
DA:53,0
DA:55,0
DA:61,0
DA:62,0
DA:67,0
DA:68,0
DA:77,0
DA:78,0
DA:79,0
DA:80,0
DA:90,0
DA:94,0
DA:96,0
DA:97,0
DA:99,0
DA:106,0
DA:116,0
DA:126,0
DA:132,0
DA:133,0
DA:149,0
DA:151,0
DA:152,0
DA:153,0
DA:157,0
DA:158,0
DA:162,0
DA:163,0
DA:164,0
DA:169,0
DA:170,0
DA:173,0
DA:181,0
DA:182,0
DA:183,0
DA:185,0
DA:186,0
DA:190,0
DA:191,0
DA:195,0
DA:196,0
DA:204,0
DA:205,0
DA:209,0
DA:210,0
DA:211,0
DA:212,0
DA:225,0
DA:229,0
DA:230,0
DA:234,0
DA:242,0
DA:243,0
DA:253,0
DA:261,0
DA:267,0
DA:268,0
DA:278,0
LF:75
LH:0
BRDA:17,0,0,0
BRDA:17,0,1,0
BRDA:17,1,0,0
BRDA:17,1,1,0
BRDA:30,2,0,0
BRDA:30,2,1,0
BRDA:30,3,0,0
BRDA:30,3,1,0
BRDA:41,4,0,0
BRDA:41,4,1,0
BRDA:41,5,0,0
BRDA:41,5,1,0
BRDA:61,6,0,0
BRDA:61,6,1,0
BRDA:67,7,0,0
BRDA:67,7,1,0
BRDA:77,8,0,0
BRDA:77,8,1,0
BRDA:94,9,0,0
BRDA:94,9,1,0
BRDA:94,10,0,0
BRDA:94,10,1,0
BRDA:120,11,0,0
BRDA:120,11,1,0
BRDA:137,12,0,0
BRDA:137,12,1,0
BRDA:151,13,0,0
BRDA:151,13,1,0
BRDA:151,14,0,0
BRDA:151,14,1,0
BRDA:152,15,0,0
BRDA:152,15,1,0
BRDA:157,16,0,0
BRDA:157,16,1,0
BRDA:163,17,0,0
BRDA:163,17,1,0
BRDA:163,18,0,0
BRDA:163,18,1,0
BRDA:169,19,0,0
BRDA:169,19,1,0
BRDA:185,20,0,0
BRDA:185,20,1,0
BRDA:190,21,0,0
BRDA:190,21,1,0
BRDA:190,22,0,0
BRDA:190,22,1,0
BRDA:195,23,0,0
BRDA:195,23,1,0
BRDA:204,24,0,0
BRDA:204,24,1,0
BRDA:209,25,0,0
BRDA:209,25,1,0
BRDA:229,26,0,0
BRDA:229,26,1,0
BRDA:229,27,0,0
BRDA:229,27,1,0
BRDA:229,27,2,0
BRDA:242,28,0,0
BRDA:242,28,1,0
BRDA:257,29,0,0
BRDA:257,29,1,0
BRDA:272,30,0,0
BRDA:272,30,1,0
BRF:63
BRH:0
end_of_record
TN:
SF:src\api\routes\branchRoutes.js
FNF:0
FNH:0
DA:6,0
DA:7,0
DA:8,0
DA:9,0
DA:10,0
DA:49,0
DA:122,0
DA:151,0
DA:189,0
DA:227,0
DA:273,0
DA:310,0
DA:364,0
DA:411,0
DA:458,0
DA:505,0
DA:546,0
DA:592,0
DA:600,0
LF:19
LH:0
BRF:0
BRH:0
end_of_record
TN:
SF:src\api\routes\index.js
FN:24,(anonymous_0)
FNF:1
FNH:0
FNDA:0,(anonymous_0)
DA:6,0
DA:7,0
DA:10,0
DA:11,0
DA:12,0
DA:13,0
DA:14,0
DA:17,0
DA:18,0
DA:19,0
DA:20,0
DA:21,0
DA:24,0
DA:25,0
DA:32,0
LF:15
LH:0
BRF:0
BRH:0
end_of_record
TN:
SF:src\api\routes\serviceAreaAssignmentRoutes.js
FNF:0
FNH:0
DA:6,0
DA:7,0
DA:8,0
DA:9,0
DA:10,0
DA:59,0
DA:92,0
DA:147,0
DA:187,0
DA:237,0
DA:287,0
DA:294,0
LF:12
LH:0
BRF:0
BRH:0
end_of_record
TN:
SF:src\api\routes\serviceAreaGeospatialRoutes.js
FNF:0
FNH:0
DA:6,0
DA:7,0
DA:8,0
DA:9,0
DA:10,0
DA:62,0
DA:108,0
DA:116,0
LF:8
LH:0
BRF:0
BRH:0
end_of_record
TN:
SF:src\api\routes\serviceAreaPricingRoutes.js
FNF:0
FNH:0
DA:6,0
DA:7,0
DA:8,0
DA:9,0
DA:10,0
DA:98,0
DA:131,0
DA:214,0
DA:254,0
DA:310,0
DA:364,0
DA:372,0
LF:12
LH:0
BRF:0
BRH:0
end_of_record
TN:
SF:src\api\routes\serviceAreaRoutes.js
FNF:0
FNH:0
DA:6,0
DA:7,0
DA:8,0
DA:9,0
DA:10,0
DA:88,0
DA:153,0
DA:185,0
DA:252,0
DA:298,0
DA:330,0
DA:337,0
LF:12
LH:0
BRF:0
BRH:0
end_of_record
TN:
SF:src\api\swagger\branchSwagger.js
FNF:0
FNH:0
DA:580,0
LF:1
LH:0
BRF:0
BRH:0
end_of_record
TN:
SF:src\api\swagger\index.js
FN:70,(anonymous_0)
FN:75,(anonymous_1)
FNF:2
FNH:0
FNDA:0,(anonymous_0)
FNDA:0,(anonymous_1)
DA:6,0
DA:7,0
DA:8,0
DA:11,0
DA:14,0
DA:58,0
DA:67,0
DA:70,0
DA:72,0
DA:75,0
DA:76,0
DA:77,0
DA:80,0
DA:83,0
LF:14
LH:0
BRF:0
BRH:0
end_of_record
TN:
SF:src\api\validators\branchValidator.js
FN:14,(anonymous_0)
FN:35,(anonymous_1)
FN:263,(anonymous_2)
FN:267,(anonymous_3)
FN:282,(anonymous_4)
FN:286,(anonymous_5)
FN:301,(anonymous_6)
FN:305,(anonymous_7)
FN:320,(anonymous_8)
FN:324,(anonymous_9)
FN:339,(anonymous_10)
FN:343,(anonymous_11)
FN:358,(anonymous_12)
FN:362,(anonymous_13)
FN:377,(anonymous_14)
FN:381,(anonymous_15)
FNF:16
FNH:0
FNDA:0,(anonymous_0)
FNDA:0,(anonymous_1)
FNDA:0,(anonymous_2)
FNDA:0,(anonymous_3)
FNDA:0,(anonymous_4)
FNDA:0,(anonymous_5)
FNDA:0,(anonymous_6)
FNDA:0,(anonymous_7)
FNDA:0,(anonymous_8)
FNDA:0,(anonymous_9)
FNDA:0,(anonymous_10)
FNDA:0,(anonymous_11)
FNDA:0,(anonymous_12)
FNDA:0,(anonymous_13)
FNDA:0,(anonymous_14)
FNDA:0,(anonymous_15)
DA:6,0
DA:7,0
DA:14,0
DA:15,0
DA:21,0
DA:36,0
DA:37,0
DA:39,0
DA:94,0
DA:129,0
DA:166,0
DA:179,0
DA:197,0
DA:214,0
DA:233,0
DA:263,0
DA:264,0
DA:266,0
DA:267,0
DA:268,0
DA:275,0
DA:276,0
DA:282,0
DA:283,0
DA:285,0
DA:286,0
DA:287,0
DA:294,0
DA:295,0
DA:301,0
DA:302,0
DA:304,0
DA:305,0
DA:306,0
DA:313,0
DA:314,0
DA:320,0
DA:321,0
DA:323,0
DA:324,0
DA:325,0
DA:332,0
DA:333,0
DA:339,0
DA:340,0
DA:342,0
DA:343,0
DA:344,0
DA:351,0
DA:352,0
DA:358,0
DA:359,0
DA:361,0
DA:362,0
DA:363,0
DA:370,0
DA:371,0
DA:377,0
DA:378,0
DA:380,0
DA:381,0
DA:382,0
DA:389,0
DA:390,0
DA:393,0
LF:65
LH:0
BRDA:15,0,0,0
BRDA:15,0,1,0
BRDA:15,0,2,0
BRDA:36,1,0,0
BRDA:36,1,1,0
BRDA:266,2,0,0
BRDA:266,2,1,0
BRDA:285,3,0,0
BRDA:285,3,1,0
BRDA:304,4,0,0
BRDA:304,4,1,0
BRDA:323,5,0,0
BRDA:323,5,1,0
BRDA:342,6,0,0
BRDA:342,6,1,0
BRDA:361,7,0,0
BRDA:361,7,1,0
BRDA:380,8,0,0
BRDA:380,8,1,0
BRF:19
BRH:0
end_of_record
TN:
SF:src\api\validators\serviceAreaValidator.js
FN:14,(anonymous_0)
FN:95,(anonymous_1)
FN:104,(anonymous_2)
FN:145,(anonymous_3)
FN:244,(anonymous_4)
FN:316,(anonymous_5)
FN:320,(anonymous_6)
FN:341,(anonymous_7)
FN:345,(anonymous_8)
FN:366,(anonymous_9)
FN:370,(anonymous_10)
FN:391,(anonymous_11)
FN:395,(anonymous_12)
FN:416,(anonymous_13)
FN:420,(anonymous_14)
FN:441,(anonymous_15)
FN:445,(anonymous_16)
FN:466,(anonymous_17)
FN:470,(anonymous_18)
FN:491,(anonymous_19)
FN:495,(anonymous_20)
FNF:21
FNH:0
FNDA:0,(anonymous_0)
FNDA:0,(anonymous_1)
FNDA:0,(anonymous_2)
FNDA:0,(anonymous_3)
FNDA:0,(anonymous_4)
FNDA:0,(anonymous_5)
FNDA:0,(anonymous_6)
FNDA:0,(anonymous_7)
FNDA:0,(anonymous_8)
FNDA:0,(anonymous_9)
FNDA:0,(anonymous_10)
FNDA:0,(anonymous_11)
FNDA:0,(anonymous_12)
FNDA:0,(anonymous_13)
FNDA:0,(anonymous_14)
FNDA:0,(anonymous_15)
FNDA:0,(anonymous_16)
FNDA:0,(anonymous_17)
FNDA:0,(anonymous_18)
FNDA:0,(anonymous_19)
FNDA:0,(anonymous_20)
DA:6,0
DA:7,0
DA:14,0
DA:15,0
DA:21,0
DA:65,0
DA:72,0
DA:94,0
DA:96,0
DA:97,0
DA:99,0
DA:105,0
DA:106,0
DA:108,0
DA:127,0
DA:144,0
DA:146,0
DA:147,0
DA:149,0
DA:202,0
DA:243,0
DA:245,0
DA:246,0
DA:248,0
DA:272,0
DA:316,0
DA:317,0
DA:319,0
DA:320,0
DA:325,0
DA:332,0
DA:341,0
DA:342,0
DA:344,0
DA:345,0
DA:350,0
DA:357,0
DA:366,0
DA:367,0
DA:369,0
DA:370,0
DA:375,0
DA:382,0
DA:391,0
DA:392,0
DA:394,0
DA:395,0
DA:400,0
DA:407,0
DA:416,0
DA:417,0
DA:419,0
DA:420,0
DA:425,0
DA:432,0
DA:441,0
DA:442,0
DA:444,0
DA:445,0
DA:450,0
DA:457,0
DA:466,0
DA:467,0
DA:469,0
DA:470,0
DA:475,0
DA:482,0
DA:491,0
DA:492,0
DA:494,0
DA:495,0
DA:500,0
DA:507,0
DA:510,0
LF:74
LH:0
BRDA:15,0,0,0
BRDA:15,0,1,0
BRDA:15,0,2,0
BRDA:96,1,0,0
BRDA:96,1,1,0
BRDA:105,2,0,0
BRDA:105,2,1,0
BRDA:146,3,0,0
BRDA:146,3,1,0
BRDA:245,4,0,0
BRDA:245,4,1,0
BRDA:319,5,0,0
BRDA:319,5,1,0
BRDA:344,6,0,0
BRDA:344,6,1,0
BRDA:369,7,0,0
BRDA:369,7,1,0
BRDA:394,8,0,0
BRDA:394,8,1,0
BRDA:419,9,0,0
BRDA:419,9,1,0
BRDA:444,10,0,0
BRDA:444,10,1,0
BRDA:469,11,0,0
BRDA:469,11,1,0
BRDA:494,12,0,0
BRDA:494,12,1,0
BRF:27
BRH:0
end_of_record
TN:
SF:src\application\use-cases\branch\createBranch.js
FN:15,(anonymous_0)
FNF:1
FNH:0
FNDA:0,(anonymous_0)
DA:6,0
DA:7,0
DA:15,0
DA:16,0
DA:18,0
DA:19,0
DA:20,0
DA:24,0
DA:27,0
DA:29,0
DA:31,0
DA:33,0
DA:34,0
DA:38,0
LF:14
LH:0
BRDA:19,0,0,0
BRDA:19,0,1,0
BRF:2
BRH:0
end_of_record
TN:
SF:src\application\use-cases\branch\deleteBranch.js
FN:14,(anonymous_0)
FNF:1
FNH:0
FNDA:0,(anonymous_0)
DA:6,0
DA:7,0
DA:14,0
DA:15,0
DA:17,0
DA:18,0
DA:19,0
DA:23,0
DA:24,0
DA:25,0
DA:29,0
DA:31,0
DA:33,0
DA:35,0
DA:36,0
DA:40,0
LF:16
LH:0
BRDA:18,0,0,0
BRDA:18,0,1,0
BRDA:24,1,0,0
BRDA:24,1,1,0
BRF:4
BRH:0
end_of_record
TN:
SF:src\application\use-cases\branch\getBranch.js
FN:14,(anonymous_0)
FNF:1
FNH:0
FNDA:0,(anonymous_0)
DA:6,0
DA:7,0
DA:14,0
DA:15,0
DA:16,0
DA:17,0
DA:18,0
DA:21,0
DA:23,0
DA:24,0
DA:28,0
LF:11
LH:0
BRDA:17,0,0,0
BRDA:17,0,1,0
BRF:2
BRH:0
end_of_record
TN:
SF:src\application\use-cases\branch\getBranchHierarchy.js
FN:14,(anonymous_0)
FNF:1
FNH:0
FNDA:0,(anonymous_0)
DA:6,0
DA:7,0
DA:14,0
DA:15,0
DA:17,0
DA:19,0
DA:21,0
DA:22,0
DA:26,0
LF:9
LH:0
BRDA:14,0,0,0
BRF:1
BRH:0
end_of_record
TN:
SF:src\application\use-cases\branch\index.js
FNF:0
FNH:0
DA:6,0
DA:7,0
DA:8,0
DA:9,0
DA:10,0
DA:11,0
DA:12,0
DA:13,0
DA:14,0
DA:15,0
DA:16,0
DA:18,0
LF:12
LH:0
BRF:0
BRH:0
end_of_record
TN:
SF:src\application\use-cases\branch\listBranches.js
FN:18,(anonymous_0)
FNF:1
FNH:0
FNDA:0,(anonymous_0)
DA:6,0
DA:7,0
DA:18,0
DA:19,0
DA:21,0
DA:24,0
DA:25,0
DA:29,0
DA:30,0
DA:34,0
DA:35,0
DA:36,0
DA:37,0
DA:41,0
DA:48,0
DA:50,0
DA:51,0
DA:55,0
LF:18
LH:0
BRDA:18,0,0,0
BRDA:18,1,0,0
BRDA:18,2,0,0
BRDA:18,3,0,0
BRDA:24,4,0,0
BRDA:24,4,1,0
BRDA:29,5,0,0
BRDA:29,5,1,0
BRDA:34,6,0,0
BRDA:34,6,1,0
BRDA:36,7,0,0
BRDA:36,7,1,0
BRF:12
BRH:0
end_of_record
TN:
SF:src\application\use-cases\branch\manageBranchDocuments.js
FN:16,(anonymous_0)
FN:58,(anonymous_1)
FN:67,(anonymous_2)
FNF:3
FNH:0
FNDA:0,(anonymous_0)
FNDA:0,(anonymous_1)
FNDA:0,(anonymous_2)
DA:6,0
DA:7,0
DA:16,0
DA:17,0
DA:19,0
DA:20,0
DA:21,0
DA:25,0
DA:26,0
DA:30,0
DA:31,0
DA:34,0
DA:37,0
DA:42,0
DA:44,0
DA:46,0
DA:47,0
DA:58,0
DA:59,0
DA:61,0
DA:62,0
DA:63,0
DA:67,0
DA:68,0
DA:69,0
DA:73,0
DA:76,0
DA:81,0
DA:83,0
DA:85,0
DA:86,0
DA:90,0
LF:32
LH:0
BRDA:20,0,0,0
BRDA:20,0,1,0
BRDA:25,1,0,0
BRDA:25,1,1,0
BRDA:25,2,0,0
BRDA:25,2,1,0
BRDA:25,2,2,0
BRDA:62,3,0,0
BRDA:62,3,1,0
BRDA:68,4,0,0
BRDA:68,4,1,0
BRF:11
BRH:0
end_of_record
TN:
SF:src\application\use-cases\branch\updateBranch.js
FN:16,(anonymous_0)
FNF:1
FNH:0
FNDA:0,(anonymous_0)
DA:6,0
DA:7,0
DA:16,0
DA:17,0
DA:19,0
DA:20,0
DA:21,0
DA:25,0
DA:26,0
DA:27,0
DA:28,0
DA:33,0
DA:34,0
DA:37,0
DA:39,0
DA:41,0
DA:43,0
DA:44,0
DA:48,0
LF:19
LH:0
BRDA:20,0,0,0
BRDA:20,0,1,0
BRDA:25,1,0,0
BRDA:25,1,1,0
BRDA:25,2,0,0
BRDA:25,2,1,0
BRDA:27,3,0,0
BRDA:27,3,1,0
BRDA:27,4,0,0
BRDA:27,4,1,0
BRF:10
BRH:0
end_of_record
TN:
SF:src\application\use-cases\branch\updateBranchMetrics.js
FN:16,(anonymous_0)
FNF:1
FNH:0
FNDA:0,(anonymous_0)
DA:6,0
DA:7,0
DA:16,0
DA:17,0
DA:19,0
DA:20,0
DA:21,0
DA:25,0
DA:26,0
DA:29,0
DA:30,0
DA:34,0
DA:37,0
DA:42,0
DA:44,0
DA:46,0
DA:47,0
DA:51,0
LF:18
LH:0
BRDA:20,0,0,0
BRDA:20,0,1,0
BRDA:25,1,0,0
BRDA:25,1,1,0
BRDA:25,2,0,0
BRDA:25,2,1,0
BRDA:25,2,2,0
BRDA:29,3,0,0
BRDA:29,3,1,0
BRDA:29,4,0,0
BRDA:29,4,1,0
BRDA:29,4,2,0
BRF:12
BRH:0
end_of_record
TN:
SF:src\application\use-cases\branch\updateBranchOperationalHours.js
FN:16,(anonymous_0)
FN:29,(anonymous_1)
FNF:2
FNH:0
FNDA:0,(anonymous_0)
FNDA:0,(anonymous_1)
DA:6,0
DA:7,0
DA:16,0
DA:17,0
DA:19,0
DA:20,0
DA:21,0
DA:25,0
DA:26,0
DA:29,0
DA:31,0
DA:32,0
DA:35,0
DA:36,0
DA:37,0
DA:40,0
DA:41,0
DA:42,0
DA:45,0
DA:46,0
DA:52,0
DA:55,0
DA:60,0
DA:62,0
DA:64,0
DA:65,0
DA:69,0
LF:27
LH:0
BRDA:20,0,0,0
BRDA:20,0,1,0
BRDA:31,1,0,0
BRDA:31,1,1,0
BRDA:36,2,0,0
BRDA:36,2,1,0
BRDA:40,3,0,0
BRDA:40,3,1,0
BRDA:41,4,0,0
BRDA:41,4,1,0
BRDA:41,5,0,0
BRDA:41,5,1,0
BRDA:45,6,0,0
BRDA:45,6,1,0
BRDA:45,7,0,0
BRDA:45,7,1,0
BRF:16
BRH:0
end_of_record
TN:
SF:src\application\use-cases\branch\updateBranchResources.js
FN:16,(anonymous_0)
FNF:1
FNH:0
FNDA:0,(anonymous_0)
DA:6,0
DA:7,0
DA:16,0
DA:17,0
DA:19,0
DA:20,0
DA:21,0
DA:25,0
DA:26,0
DA:29,0
DA:30,0
DA:33,0
DA:34,0
DA:38,0
DA:41,0
DA:46,0
DA:48,0
DA:50,0
DA:51,0
DA:55,0
LF:20
LH:0
BRDA:20,0,0,0
BRDA:20,0,1,0
BRDA:25,1,0,0
BRDA:25,1,1,0
BRDA:25,2,0,0
BRDA:25,2,1,0
BRDA:29,3,0,0
BRDA:29,3,1,0
BRDA:29,4,0,0
BRDA:29,4,1,0
BRDA:33,5,0,0
BRDA:33,5,1,0
BRDA:33,6,0,0
BRDA:33,6,1,0
BRF:14
BRH:0
end_of_record
TN:
SF:src\application\use-cases\branch\updateBranchStatus.js
FN:17,(anonymous_0)
FNF:1
FNH:0
FNDA:0,(anonymous_0)
DA:6,0
DA:7,0
DA:17,0
DA:18,0
DA:20,0
DA:21,0
DA:22,0
DA:26,0
DA:27,0
DA:28,0
DA:32,0
DA:34,0
DA:36,0
DA:38,0
DA:39,0
DA:43,0
LF:16
LH:0
BRDA:21,0,0,0
BRDA:21,0,1,0
BRDA:27,1,0,0
BRDA:27,1,1,0
BRF:4
BRH:0
end_of_record
TN:
SF:src\application\use-cases\serviceArea\assignServiceAreaToBranch.js
FN:20,(anonymous_0)
FNF:1
FNH:0
FNDA:0,(anonymous_0)
DA:6,0
DA:7,0
DA:8,0
DA:9,0
DA:20,0
DA:22,0
DA:23,0
DA:24,0
DA:28,0
DA:29,0
DA:30,0
DA:34,0
DA:35,0
DA:36,0
DA:40,0
DA:41,0
DA:45,0
DA:54,0
LF:18
LH:0
BRDA:23,0,0,0
BRDA:23,0,1,0
BRDA:29,1,0,0
BRDA:29,1,1,0
BRDA:35,2,0,0
BRDA:35,2,1,0
BRDA:40,3,0,0
BRDA:40,3,1,0
BRDA:40,4,0,0
BRDA:40,4,1,0
BRF:10
BRH:0
end_of_record
TN:
SF:src\application\use-cases\serviceArea\calculateShippingPrice.js
FN:18,(anonymous_0)
FNF:1
FNH:0
FNDA:0,(anonymous_0)
DA:6,0
DA:7,0
DA:8,0
DA:18,0
DA:20,0
DA:21,0
DA:22,0
DA:26,0
DA:27,0
DA:30,0
DA:31,0
DA:35,0
DA:38,0
DA:39,0
DA:46,0
DA:47,0
DA:49,0
DA:53,0
LF:18
LH:0
BRDA:21,0,0,0
BRDA:21,0,1,0
BRDA:26,1,0,0
BRDA:26,1,1,0
BRDA:30,2,0,0
BRDA:30,2,1,0
BRDA:46,3,0,0
BRDA:46,3,1,0
BRF:8
BRH:0
end_of_record
TN:
SF:src\application\use-cases\serviceArea\createServiceArea.js
FN:15,(anonymous_0)
FN:42,(anonymous_1)
FNF:2
FNH:0
FNDA:0,(anonymous_0)
FNDA:0,(anonymous_1)
DA:6,0
DA:7,0
DA:15,0
DA:17,0
DA:18,0
DA:19,0
DA:23,0
DA:24,0
DA:28,0
DA:29,0
DA:33,0
DA:36,0
DA:37,0
DA:38,0
DA:39,0
DA:40,0
DA:42,0
DA:43,0
DA:44,0
DA:47,0
DA:55,0
DA:58,0
LF:22
LH:0
BRDA:18,0,0,0
BRDA:18,0,1,0
BRDA:23,1,0,0
BRDA:23,1,1,0
BRDA:23,2,0,0
BRDA:23,2,1,0
BRDA:23,2,2,0
BRDA:28,3,0,0
BRDA:28,3,1,0
BRDA:33,4,0,0
BRDA:33,4,1,0
BRDA:33,5,0,0
BRDA:33,5,1,0
BRDA:37,6,0,0
BRDA:37,6,1,0
BRDA:37,7,0,0
BRDA:37,7,1,0
BRDA:37,7,2,0
BRF:18
BRH:0
end_of_record
TN:
SF:src\application\use-cases\serviceArea\createServiceAreaPricing.js
FN:16,(anonymous_0)
FNF:1
FNH:0
FNDA:0,(anonymous_0)
DA:6,0
DA:7,0
DA:8,0
DA:16,0
DA:18,0
DA:19,0
DA:20,0
DA:24,0
DA:29,0
DA:30,0
DA:34,0
DA:35,0
DA:38,0
DA:39,0
DA:42,0
DA:43,0
DA:46,0
DA:47,0
DA:50,0
DA:51,0
DA:55,0
DA:58,0
LF:22
LH:0
BRDA:19,0,0,0
BRDA:19,0,1,0
BRDA:29,1,0,0
BRDA:29,1,1,0
BRDA:34,2,0,0
BRDA:34,2,1,0
BRDA:38,3,0,0
BRDA:38,3,1,0
BRDA:42,4,0,0
BRDA:42,4,1,0
BRDA:46,5,0,0
BRDA:46,5,1,0
BRDA:50,6,0,0
BRDA:50,6,1,0
BRDA:50,7,0,0
BRDA:50,7,1,0
BRF:16
BRH:0
end_of_record
TN:
SF:src\application\use-cases\serviceArea\deleteServiceArea.js
FN:19,(anonymous_0)
FNF:1
FNH:0
FNDA:0,(anonymous_0)
DA:6,0
DA:7,0
DA:8,0
DA:9,0
DA:19,0
DA:21,0
DA:22,0
DA:23,0
DA:27,0
DA:28,0
DA:29,0
DA:33,0
DA:34,0
DA:35,0
DA:39,0
DA:41,0
DA:42,0
DA:43,0
DA:47,0
DA:48,0
DA:49,0
DA:54,0
DA:55,0
DA:56,0
DA:59,0
DA:62,0
LF:26
LH:0
BRDA:19,0,0,0
BRDA:19,1,0,0
BRDA:22,2,0,0
BRDA:22,2,1,0
BRDA:28,3,0,0
BRDA:28,3,1,0
BRDA:28,4,0,0
BRDA:28,4,1,0
BRDA:34,5,0,0
BRDA:34,5,1,0
BRDA:34,6,0,0
BRDA:34,6,1,0
BRDA:39,7,0,0
BRDA:39,7,1,0
BRDA:55,8,0,0
BRDA:55,8,1,0
BRF:16
BRH:0
end_of_record
TN:
SF:src\application\use-cases\serviceArea\deleteServiceAreaPricing.js
FN:16,(anonymous_0)
FNF:1
FNH:0
FNDA:0,(anonymous_0)
DA:6,0
DA:7,0
DA:16,0
DA:18,0
DA:19,0
DA:20,0
DA:24,0
DA:25,0
DA:26,0
DA:29,0
DA:32,0
LF:11
LH:0
BRDA:16,0,0,0
BRDA:19,1,0,0
BRDA:19,1,1,0
BRDA:25,2,0,0
BRDA:25,2,1,0
BRF:5
BRH:0
end_of_record
TN:
SF:src\application\use-cases\serviceArea\findBranchesServingLocation.js
FN:14,(anonymous_0)
FNF:1
FNH:0
FNDA:0,(anonymous_0)
DA:6,0
DA:7,0
DA:14,0
DA:16,0
DA:17,0
DA:20,0
DA:23,0
DA:24,0
DA:27,0
DA:28,0
DA:32,0
DA:35,0
LF:12
LH:0
BRDA:16,0,0,0
BRDA:16,0,1,0
BRDA:16,1,0,0
BRDA:16,1,1,0
BRDA:16,1,2,0
BRDA:16,1,3,0
BRDA:23,2,0,0
BRDA:23,2,1,0
BRDA:23,3,0,0
BRDA:23,3,1,0
BRDA:27,4,0,0
BRDA:27,4,1,0
BRDA:27,5,0,0
BRDA:27,5,1,0
BRDA:27,5,2,0
BRDA:27,5,3,0
BRF:16
BRH:0
end_of_record
TN:
SF:src\application\use-cases\serviceArea\findServiceAreasByLocation.js
FN:17,(anonymous_0)
FNF:1
FNH:0
FNDA:0,(anonymous_0)
DA:6,0
DA:7,0
DA:17,0
DA:19,0
DA:20,0
DA:23,0
DA:26,0
DA:27,0
DA:30,0
DA:31,0
DA:35,0
DA:37,0
DA:41,0
DA:42,0
DA:44,0
DA:48,0
DA:49,0
DA:52,0
DA:53,0
DA:56,0
DA:59,0
DA:63,0
LF:22
LH:0
BRDA:17,0,0,0
BRDA:17,1,0,0
BRDA:17,2,0,0
BRDA:19,3,0,0
BRDA:19,3,1,0
BRDA:19,4,0,0
BRDA:19,4,1,0
BRDA:19,4,2,0
BRDA:19,4,3,0
BRDA:26,5,0,0
BRDA:26,5,1,0
BRDA:26,6,0,0
BRDA:26,6,1,0
BRDA:30,7,0,0
BRDA:30,7,1,0
BRDA:30,8,0,0
BRDA:30,8,1,0
BRDA:30,8,2,0
BRDA:30,8,3,0
BRDA:35,9,0,0
BRDA:35,9,1,0
BRDA:35,9,2,0
BRDA:35,9,3,0
BRDA:41,10,0,0
BRDA:41,10,1,0
BRDA:41,11,0,0
BRDA:41,11,1,0
BRDA:48,12,0,0
BRDA:48,12,1,0
BRDA:48,13,0,0
BRDA:48,13,1,0
BRDA:48,13,2,0
BRDA:52,14,0,0
BRDA:52,14,1,0
BRDA:52,15,0,0
BRDA:52,15,1,0
BRF:36
BRH:0
end_of_record
TN:
SF:src\application\use-cases\serviceArea\getServiceArea.js
FN:14,(anonymous_0)
FNF:1
FNH:0
FNDA:0,(anonymous_0)
DA:6,0
DA:7,0
DA:14,0
DA:15,0
DA:17,0
DA:18,0
DA:21,0
DA:24,0
LF:8
LH:0
BRDA:17,0,0,0
BRDA:17,0,1,0
BRF:2
BRH:0
end_of_record
TN:
SF:src\application\use-cases\serviceArea\getServiceAreaAssignment.js
FN:14,(anonymous_0)
FNF:1
FNH:0
FNDA:0,(anonymous_0)
DA:6,0
DA:7,0
DA:14,0
DA:15,0
DA:17,0
DA:18,0
DA:21,0
DA:24,0
LF:8
LH:0
BRDA:17,0,0,0
BRDA:17,0,1,0
BRF:2
BRH:0
end_of_record
TN:
SF:src\application\use-cases\serviceArea\getServiceAreaHistory.js
FN:14,(anonymous_0)
FNF:1
FNH:0
FNDA:0,(anonymous_0)
DA:6,0
DA:7,0
DA:14,0
DA:16,0
DA:17,0
DA:18,0
DA:22,0
DA:25,0
LF:8
LH:0
BRDA:17,0,0,0
BRDA:17,0,1,0
BRF:2
BRH:0
end_of_record
TN:
SF:src\application\use-cases\serviceArea\getServiceAreaPricing.js
FN:14,(anonymous_0)
FNF:1
FNH:0
FNDA:0,(anonymous_0)
DA:6,0
DA:7,0
DA:14,0
DA:15,0
DA:17,0
DA:18,0
DA:21,0
DA:24,0
LF:8
LH:0
BRDA:17,0,0,0
BRDA:17,0,1,0
BRF:2
BRH:0
end_of_record
TN:
SF:src\application\use-cases\serviceArea\index.js
FNF:0
FNH:0
DA:7,0
DA:8,0
DA:9,0
DA:10,0
DA:11,0
DA:12,0
DA:15,0
DA:16,0
DA:17,0
DA:18,0
DA:19,0
DA:20,0
DA:23,0
DA:24,0
DA:25,0
DA:26,0
DA:27,0
DA:28,0
DA:31,0
DA:32,0
DA:34,0
LF:21
LH:0
BRF:0
BRH:0
end_of_record
TN:
SF:src\application\use-cases\serviceArea\listBranchesByServiceArea.js
FN:18,(anonymous_0)
FNF:1
FNH:0
FNDA:0,(anonymous_0)
DA:6,0
DA:7,0
DA:8,0
DA:18,0
DA:20,0
DA:21,0
DA:22,0
DA:25,0
DA:28,0
LF:9
LH:0
BRDA:18,0,0,0
BRDA:18,1,0,0
BRDA:18,2,0,0
BRDA:21,3,0,0
BRDA:21,3,1,0
BRF:5
BRH:0
end_of_record
TN:
SF:src\application\use-cases\serviceArea\listServiceAreaPricings.js
FN:18,(anonymous_0)
FNF:1
FNH:0
FNDA:0,(anonymous_0)
DA:6,0
DA:7,0
DA:8,0
DA:18,0
DA:20,0
DA:21,0
DA:22,0
DA:25,0
DA:28,0
LF:9
LH:0
BRDA:18,0,0,0
BRDA:18,1,0,0
BRDA:18,2,0,0
BRDA:21,3,0,0
BRDA:21,3,1,0
BRF:5
BRH:0
end_of_record
TN:
SF:src\application\use-cases\serviceArea\listServiceAreas.js
FN:16,(anonymous_0)
FNF:1
FNH:0
FNDA:0,(anonymous_0)
DA:6,0
DA:16,0
DA:17,0
DA:20,0
LF:4
LH:0
BRDA:16,0,0,0
BRDA:16,1,0,0
BRDA:16,2,0,0
BRDA:16,3,0,0
BRF:4
BRH:0
end_of_record
TN:
SF:src\application\use-cases\serviceArea\listServiceAreasByBranch.js
FN:18,(anonymous_0)
FNF:1
FNH:0
FNDA:0,(anonymous_0)
DA:6,0
DA:7,0
DA:8,0
DA:18,0
DA:20,0
DA:21,0
DA:22,0
DA:25,0
DA:28,0
LF:9
LH:0
BRDA:18,0,0,0
BRDA:18,1,0,0
BRDA:18,2,0,0
BRDA:21,3,0,0
BRDA:21,3,1,0
BRF:5
BRH:0
end_of_record
TN:
SF:src\application\use-cases\serviceArea\removeServiceAreaAssignment.js
FN:16,(anonymous_0)
FNF:1
FNH:0
FNDA:0,(anonymous_0)
DA:6,0
DA:7,0
DA:16,0
DA:18,0
DA:19,0
DA:20,0
DA:24,0
DA:25,0
DA:26,0
DA:29,0
DA:32,0
LF:11
LH:0
BRDA:16,0,0,0
BRDA:19,1,0,0
BRDA:19,1,1,0
BRDA:25,2,0,0
BRDA:25,2,1,0
BRF:5
BRH:0
end_of_record
TN:
SF:src\application\use-cases\serviceArea\updateServiceArea.js
FN:17,(anonymous_0)
FN:52,(anonymous_1)
FNF:2
FNH:0
FNDA:0,(anonymous_0)
FNDA:0,(anonymous_1)
DA:6,0
DA:7,0
DA:17,0
DA:19,0
DA:20,0
DA:21,0
DA:25,0
DA:26,0
DA:27,0
DA:28,0
DA:33,0
DA:34,0
DA:35,0
DA:39,0
DA:40,0
DA:44,0
DA:46,0
DA:47,0
DA:48,0
DA:49,0
DA:50,0
DA:52,0
DA:53,0
DA:54,0
DA:57,0
DA:66,0
DA:67,0
DA:68,0
DA:71,0
DA:74,0
LF:30
LH:0
BRDA:17,0,0,0
BRDA:20,1,0,0
BRDA:20,1,1,0
BRDA:25,2,0,0
BRDA:25,2,1,0
BRDA:25,3,0,0
BRDA:25,3,1,0
BRDA:27,4,0,0
BRDA:27,4,1,0
BRDA:27,5,0,0
BRDA:27,5,1,0
BRDA:33,6,0,0
BRDA:33,6,1,0
BRDA:34,7,0,0
BRDA:34,7,1,0
BRDA:34,8,0,0
BRDA:34,8,1,0
BRDA:39,9,0,0
BRDA:39,9,1,0
BRDA:44,10,0,0
BRDA:44,10,1,0
BRDA:44,11,0,0
BRDA:44,11,1,0
BRDA:47,12,0,0
BRDA:47,12,1,0
BRDA:47,13,0,0
BRDA:47,13,1,0
BRDA:47,13,2,0
BRDA:67,14,0,0
BRDA:67,14,1,0
BRF:30
BRH:0
end_of_record
TN:
SF:src\application\use-cases\serviceArea\updateServiceAreaAssignment.js
FN:16,(anonymous_0)
FNF:1
FNH:0
FNDA:0,(anonymous_0)
DA:6,0
DA:7,0
DA:16,0
DA:18,0
DA:19,0
DA:20,0
DA:24,0
DA:25,0
DA:26,0
DA:31,0
DA:32,0
DA:33,0
DA:36,0
DA:39,0
LF:14
LH:0
BRDA:19,0,0,0
BRDA:19,0,1,0
BRDA:24,1,0,0
BRDA:24,1,1,0
BRDA:25,2,0,0
BRDA:25,2,1,0
BRDA:25,3,0,0
BRDA:25,3,1,0
BRDA:32,4,0,0
BRDA:32,4,1,0
BRF:10
BRH:0
end_of_record
TN:
SF:src\application\use-cases\serviceArea\updateServiceAreaPricing.js
FN:16,(anonymous_0)
FNF:1
FNH:0
FNDA:0,(anonymous_0)
DA:6,0
DA:7,0
DA:16,0
DA:18,0
DA:19,0
DA:20,0
DA:24,0
DA:25,0
DA:28,0
DA:29,0
DA:32,0
DA:33,0
DA:36,0
DA:37,0
DA:41,0
DA:42,0
DA:44,0
DA:45,0
DA:49,0
DA:50,0
DA:51,0
DA:54,0
DA:57,0
LF:23
LH:0
BRDA:19,0,0,0
BRDA:19,0,1,0
BRDA:24,1,0,0
BRDA:24,1,1,0
BRDA:24,2,0,0
BRDA:24,2,1,0
BRDA:28,3,0,0
BRDA:28,3,1,0
BRDA:28,4,0,0
BRDA:28,4,1,0
BRDA:32,5,0,0
BRDA:32,5,1,0
BRDA:32,6,0,0
BRDA:32,6,1,0
BRDA:36,7,0,0
BRDA:36,7,1,0
BRDA:36,8,0,0
BRDA:36,8,1,0
BRDA:41,9,0,0
BRDA:41,9,1,0
BRDA:42,10,0,0
BRDA:42,10,1,0
BRDA:44,11,0,0
BRDA:44,11,1,0
BRDA:44,12,0,0
BRDA:44,12,1,0
BRDA:44,12,2,0
BRDA:50,13,0,0
BRDA:50,13,1,0
BRF:29
BRH:0
end_of_record
TN:
SF:src\config\database.js
FN:13,(anonymous_0)
FN:23,(anonymous_1)
FN:27,(anonymous_2)
FN:32,(anonymous_3)
FNF:4
FNH:0
FNDA:0,(anonymous_0)
FNDA:0,(anonymous_1)
FNDA:0,(anonymous_2)
FNDA:0,(anonymous_3)
DA:6,0
DA:7,0
DA:13,0
DA:14,0
DA:15,0
DA:20,0
DA:23,0
DA:24,0
DA:27,0
DA:28,0
DA:32,0
DA:33,0
DA:34,0
DA:35,0
DA:39,0
DA:40,0
DA:44,0
LF:17
LH:0
BRF:0
BRH:0
end_of_record
TN:
SF:src\config\seeder.js
FN:156,(anonymous_0)
FN:175,(anonymous_1)
FN:200,(anonymous_2)
FNF:3
FNH:0
FNDA:0,(anonymous_0)
FNDA:0,(anonymous_1)
FNDA:0,(anonymous_2)
DA:6,0
DA:7,0
DA:8,0
DA:9,0
DA:10,0
DA:15,0
DA:156,0
DA:157,0
DA:159,0
DA:164,0
DA:167,0
DA:168,0
DA:171,0
DA:172,0
DA:175,0
DA:182,0
DA:183,0
DA:185,0
DA:188,0
DA:189,0
DA:190,0
DA:192,0
DA:193,0
DA:200,0
DA:201,0
DA:203,0
DA:208,0
DA:211,0
DA:212,0
DA:215,0
DA:216,0
DA:217,0
DA:218,0
DA:219,0
DA:220,0
DA:222,0
DA:224,0
DA:225,0
DA:230,0
DA:231,0
DA:233,0
LF:41
LH:0
BRDA:230,0,0,0
BRDA:230,0,1,0
BRF:2
BRH:0
end_of_record
TN:
SF:src\config\seeders\serviceAreaSeeder.js
FN:135,(anonymous_0)
FN:178,(anonymous_1)
FN:179,(anonymous_2)
FN:192,(anonymous_3)
FN:226,(anonymous_4)
FN:229,(anonymous_5)
FNF:6
FNH:0
FNDA:0,(anonymous_0)
FNDA:0,(anonymous_1)
FNDA:0,(anonymous_2)
FNDA:0,(anonymous_3)
FNDA:0,(anonymous_4)
FNDA:0,(anonymous_5)
DA:6,0
DA:7,0
DA:8,0
DA:11,0
DA:135,0
DA:178,0
DA:179,0
DA:192,0
DA:193,0
DA:195,0
DA:196,0
DA:197,0
DA:198,0
DA:202,0
DA:203,0
DA:206,0
DA:207,0
DA:208,0
DA:209,0
DA:210,0
DA:212,0
DA:215,0
DA:216,0
DA:218,0
DA:220,0
DA:221,0
DA:223,0
DA:224,0
DA:226,0
DA:227,0
DA:229,0
DA:232,0
DA:235,0
DA:236,0
DA:237,0
DA:239,0
DA:241,0
DA:244,0
DA:246,0
DA:247,0
DA:251,0
LF:41
LH:0
BRDA:196,0,0,0
BRDA:196,0,1,0
BRDA:218,1,0,0
BRDA:218,1,1,0
BRDA:224,2,0,0
BRDA:224,2,1,0
BRDA:227,3,0,0
BRDA:227,3,1,0
BRF:8
BRH:0
end_of_record
TN:
SF:src\domain\models\Branch.js
FN:162,(anonymous_0)
FN:165,(anonymous_1)
FN:171,(anonymous_2)
FN:174,(anonymous_3)
FN:277,(anonymous_4)
FN:310,(anonymous_5)
FN:324,(anonymous_6)
FN:331,(anonymous_7)
FN:338,(anonymous_8)
FN:360,(anonymous_9)
FN:367,(anonymous_10)
FNF:11
FNH:0
FNDA:0,(anonymous_0)
FNDA:0,(anonymous_1)
FNDA:0,(anonymous_2)
FNDA:0,(anonymous_3)
FNDA:0,(anonymous_4)
FNDA:0,(anonymous_5)
FNDA:0,(anonymous_6)
FNDA:0,(anonymous_7)
FNDA:0,(anonymous_8)
FNDA:0,(anonymous_9)
FNDA:0,(anonymous_10)
DA:6,1
DA:7,1
DA:12,1
DA:163,0
DA:165,0
DA:172,0
DA:174,0
DA:277,1
DA:279,0
DA:280,0
DA:281,0
DA:283,0
DA:284,0
DA:287,0
DA:288,0
DA:289,0
DA:291,0
DA:292,0
DA:295,0
DA:300,0
DA:301,0
DA:304,0
DA:310,1
DA:311,0
DA:312,0
DA:318,0
DA:324,1
DA:325,0
DA:331,1
DA:332,0
DA:338,1
DA:339,0
DA:340,0
DA:343,0
DA:345,0
DA:346,0
DA:347,0
DA:348,0
DA:349,0
DA:350,0
DA:354,0
DA:360,1
DA:361,0
DA:367,1
DA:368,0
DA:374,1
DA:376,1
LF:47
LH:12
BRDA:279,0,0,0
BRDA:279,0,1,0
BRDA:279,1,0,0
BRDA:279,1,1,0
BRDA:279,1,2,0
BRDA:281,2,0,0
BRDA:281,2,1,0
BRDA:288,3,0,0
BRDA:288,3,1,0
BRDA:300,4,0,0
BRDA:300,4,1,0
BRDA:300,5,0,0
BRDA:300,5,1,0
BRDA:347,6,0,0
BRDA:347,6,1,0
BRDA:349,7,0,0
BRDA:349,7,1,0
BRF:17
BRH:0
end_of_record
TN:
SF:src\domain\models\BranchServiceArea.js
FN:89,(anonymous_0)
FN:103,(anonymous_1)
FN:117,(anonymous_2)
FNF:3
FNH:0
FNDA:0,(anonymous_0)
FNDA:0,(anonymous_1)
FNDA:0,(anonymous_2)
DA:6,1
DA:7,1
DA:12,1
DA:75,1
DA:78,1
DA:79,1
DA:82,1
DA:89,1
DA:90,0
DA:103,1
DA:104,0
DA:117,1
DA:118,0
DA:128,1
DA:130,1
LF:15
LH:12
BRF:0
BRH:0
end_of_record
TN:
SF:src\domain\models\ServiceArea.js
FN:131,(anonymous_0)
FN:154,(anonymous_1)
FN:174,(anonymous_2)
FN:190,(anonymous_3)
FNF:4
FNH:0
FNDA:0,(anonymous_0)
FNDA:0,(anonymous_1)
FNDA:0,(anonymous_2)
FNDA:0,(anonymous_3)
DA:6,1
DA:7,1
DA:12,1
DA:115,1
DA:116,1
DA:119,1
DA:131,1
DA:132,0
DA:137,0
DA:146,0
DA:154,1
DA:155,0
DA:160,0
DA:174,1
DA:175,0
DA:190,1
DA:191,0
DA:207,1
DA:209,1
LF:19
LH:12
BRF:0
BRH:0
end_of_record
TN:
SF:src\domain\models\ServiceAreaHistory.js
FN:88,(anonymous_0)
FN:104,(anonymous_1)
FNF:2
FNH:0
FNDA:0,(anonymous_0)
FNDA:0,(anonymous_1)
DA:6,1
DA:7,1
DA:12,1
DA:78,1
DA:79,1
DA:80,1
DA:81,1
DA:88,1
DA:89,0
DA:104,1
DA:112,0
DA:127,1
DA:129,1
LF:13
LH:11
BRF:0
BRH:0
end_of_record
TN:
SF:src\domain\models\ServiceAreaPricing.js
FN:123,(anonymous_0)
FN:153,(anonymous_1)
FNF:2
FNH:0
FNDA:0,(anonymous_0)
FNDA:0,(anonymous_1)
DA:6,1
DA:7,1
DA:12,1
DA:109,1
DA:112,1
DA:113,1
DA:114,1
DA:115,1
DA:123,1
DA:125,0
DA:126,0
DA:129,0
DA:132,0
DA:133,0
DA:137,0
DA:138,0
DA:142,0
DA:144,0
DA:153,1
DA:154,0
DA:156,0
DA:171,1
DA:173,1
LF:23
LH:12
BRDA:132,0,0,0
BRDA:132,0,1,0
BRDA:137,1,0,0
BRDA:137,1,1,0
BRDA:137,2,0,0
BRDA:137,2,1,0
BRF:6
BRH:0
end_of_record
TN:
SF:src\domain\models\index.js
FNF:0
FNH:0
DA:6,1
DA:7,1
DA:8,1
DA:9,1
DA:10,1
DA:12,1
LF:6
LH:6
BRF:0
BRH:0
end_of_record
TN:
SF:src\infrastructure\repositories\branchRepository.js
FN:13,(anonymous_0)
FN:23,(anonymous_1)
FN:32,(anonymous_2)
FN:45,(anonymous_3)
FN:74,(anonymous_4)
FN:83,(anonymous_5)
FN:92,(anonymous_6)
FN:127,(anonymous_7)
FN:148,(anonymous_8)
FN:193,(anonymous_9)
FN:208,(anonymous_10)
FN:222,(anonymous_11)
FN:236,(anonymous_12)
FN:250,(anonymous_13)
FN:264,(anonymous_14)
FN:278,(anonymous_15)
FN:291,(anonymous_16)
FNF:17
FNH:0
FNDA:0,(anonymous_0)
FNDA:0,(anonymous_1)
FNDA:0,(anonymous_2)
FNDA:0,(anonymous_3)
FNDA:0,(anonymous_4)
FNDA:0,(anonymous_5)
FNDA:0,(anonymous_6)
FNDA:0,(anonymous_7)
FNDA:0,(anonymous_8)
FNDA:0,(anonymous_9)
FNDA:0,(anonymous_10)
FNDA:0,(anonymous_11)
FNDA:0,(anonymous_12)
FNDA:0,(anonymous_13)
FNDA:0,(anonymous_14)
FNDA:0,(anonymous_15)
FNDA:0,(anonymous_16)
DA:6,0
DA:13,0
DA:14,0
DA:15,0
DA:23,0
DA:24,0
DA:32,0
DA:33,0
DA:45,0
DA:46,0
DA:48,0
DA:56,0
DA:74,0
DA:75,0
DA:83,0
DA:84,0
DA:92,0
DA:93,0
DA:95,0
DA:96,0
DA:97,0
DA:100,0
DA:101,0
DA:107,0
DA:108,0
DA:110,0
DA:111,0
DA:112,0
DA:118,0
DA:127,0
DA:128,0
DA:129,0
DA:131,0
DA:132,0
DA:133,0
DA:139,0
DA:148,0
DA:149,0
DA:152,0
DA:155,0
DA:166,0
DA:174,0
DA:193,0
DA:194,0
DA:195,0
DA:196,0
DA:199,0
DA:208,0
DA:209,0
DA:222,0
DA:223,0
DA:236,0
DA:237,0
DA:250,0
DA:251,0
DA:264,0
DA:265,0
DA:278,0
DA:279,0
DA:291,0
DA:292,0
DA:299,0
LF:62
LH:0
BRDA:45,0,0,0
BRDA:45,1,0,0
BRDA:45,2,0,0
BRDA:45,3,0,0
BRDA:74,4,0,0
BRDA:92,5,0,0
BRDA:93,6,0,0
BRDA:93,6,1,0
BRDA:96,7,0,0
BRDA:96,7,1,0
BRDA:148,8,0,0
BRDA:148,9,0,0
BRDA:148,10,0,0
BRDA:195,11,0,0
BRDA:195,11,1,0
BRDA:278,12,0,0
BRDA:278,13,0,0
BRDA:278,14,0,0
BRDA:291,15,0,0
BRDA:291,16,0,0
BRDA:291,17,0,0
BRF:21
BRH:0
end_of_record
TN:
SF:src\infrastructure\repositories\branchServiceAreaRepository.js
FN:18,(anonymous_0)
FN:55,(anonymous_1)
FN:68,(anonymous_2)
FN:83,(anonymous_3)
FN:123,(anonymous_4)
FN:162,(anonymous_5)
FN:172,(anonymous_6)
FN:215,(anonymous_7)
FN:246,(anonymous_8)
FN:255,(anonymous_9)
FN:277,(anonymous_10)
FNF:11
FNH:0
FNDA:0,(anonymous_0)
FNDA:0,(anonymous_1)
FNDA:0,(anonymous_2)
FNDA:0,(anonymous_3)
FNDA:0,(anonymous_4)
FNDA:0,(anonymous_5)
FNDA:0,(anonymous_6)
FNDA:0,(anonymous_7)
FNDA:0,(anonymous_8)
FNDA:0,(anonymous_9)
FNDA:0,(anonymous_10)
DA:6,0
DA:7,0
DA:18,0
DA:19,0
DA:27,0
DA:30,0
DA:47,0
DA:55,0
DA:56,0
DA:57,0
DA:59,0
DA:68,0
DA:69,0
DA:83,0
DA:84,0
DA:87,0
DA:93,0
DA:94,0
DA:97,0
DA:98,0
DA:104,0
DA:123,0
DA:124,0
DA:127,0
DA:133,0
DA:134,0
DA:137,0
DA:138,0
DA:144,0
DA:162,0
DA:163,0
DA:164,0
DA:165,0
DA:168,0
DA:171,0
DA:172,0
DA:173,0
DA:174,0
DA:183,0
DA:184,0
DA:185,0
DA:187,0
DA:190,0
DA:191,0
DA:205,0
DA:215,0
DA:216,0
DA:217,0
DA:218,0
DA:221,0
DA:224,0
DA:237,0
DA:238,0
DA:246,0
DA:247,0
DA:255,0
DA:257,0
DA:258,0
DA:263,0
DA:272,0
DA:273,0
DA:277,0
DA:279,0
DA:287,0
LF:64
LH:0
BRDA:56,0,0,0
BRDA:56,0,1,0
BRDA:83,1,0,0
BRDA:83,2,0,0
BRDA:83,3,0,0
BRDA:93,4,0,0
BRDA:93,4,1,0
BRDA:123,5,0,0
BRDA:123,6,0,0
BRDA:123,7,0,0
BRDA:133,8,0,0
BRDA:133,8,1,0
BRDA:164,9,0,0
BRDA:164,9,1,0
BRDA:173,10,0,0
BRDA:173,10,1,0
BRDA:190,11,0,0
BRDA:190,11,1,0
BRDA:215,12,0,0
BRDA:217,13,0,0
BRDA:217,13,1,0
BRDA:233,14,0,0
BRDA:233,14,1,0
BRDA:272,15,0,0
BRDA:272,15,1,0
BRF:25
BRH:0
end_of_record
TN:
SF:src\infrastructure\repositories\index.js
FNF:0
FNH:0
DA:6,0
DA:8,0
LF:2
LH:0
BRF:0
BRH:0
end_of_record
TN:
SF:src\infrastructure\repositories\serviceAreaPricingRepository.js
FN:15,(anonymous_0)
FN:45,(anonymous_1)
FN:58,(anonymous_2)
FN:71,(anonymous_3)
FN:83,(anonymous_4)
FN:127,(anonymous_5)
FN:137,(anonymous_6)
FN:179,(anonymous_7)
FN:213,(anonymous_8)
FNF:9
FNH:0
FNDA:0,(anonymous_0)
FNDA:0,(anonymous_1)
FNDA:0,(anonymous_2)
FNDA:0,(anonymous_3)
FNDA:0,(anonymous_4)
FNDA:0,(anonymous_5)
FNDA:0,(anonymous_6)
FNDA:0,(anonymous_7)
FNDA:0,(anonymous_8)
DA:6,0
DA:7,0
DA:15,0
DA:16,0
DA:21,0
DA:24,0
DA:37,0
DA:45,0
DA:46,0
DA:47,0
DA:49,0
DA:58,0
DA:59,0
DA:71,0
DA:72,0
DA:83,0
DA:84,0
DA:87,0
DA:93,0
DA:94,0
DA:98,0
DA:99,0
DA:102,0
DA:103,0
DA:109,0
DA:127,0
DA:128,0
DA:129,0
DA:130,0
DA:133,0
DA:136,0
DA:137,0
DA:138,0
DA:139,0
DA:148,0
DA:149,0
DA:151,0
DA:154,0
DA:155,0
DA:169,0
DA:179,0
DA:180,0
DA:181,0
DA:182,0
DA:185,0
DA:188,0
DA:201,0
DA:202,0
DA:213,0
DA:214,0
DA:215,0
DA:216,0
DA:219,0
DA:221,0
DA:235,0
LF:55
LH:0
BRDA:46,0,0,0
BRDA:46,0,1,0
BRDA:83,1,0,0
BRDA:83,2,0,0
BRDA:83,3,0,0
BRDA:93,4,0,0
BRDA:93,4,1,0
BRDA:98,5,0,0
BRDA:98,5,1,0
BRDA:129,6,0,0
BRDA:129,6,1,0
BRDA:138,7,0,0
BRDA:138,7,1,0
BRDA:154,8,0,0
BRDA:154,8,1,0
BRDA:179,9,0,0
BRDA:181,10,0,0
BRDA:181,10,1,0
BRDA:197,11,0,0
BRDA:197,11,1,0
BRDA:215,12,0,0
BRDA:215,12,1,0
BRDA:229,13,0,0
BRDA:229,13,1,0
BRF:24
BRH:0
end_of_record
TN:
SF:src\infrastructure\repositories\serviceAreaRepository.js
FN:15,(anonymous_0)
FN:41,(anonymous_1)
FN:53,(anonymous_2)
FN:65,(anonymous_3)
FN:114,(anonymous_4)
FN:125,(anonymous_5)
FN:172,(anonymous_6)
FN:199,(anonymous_7)
FN:208,(anonymous_8)
FN:218,(anonymous_9)
FN:227,(anonymous_10)
FNF:11
FNH:0
FNDA:0,(anonymous_0)
FNDA:0,(anonymous_1)
FNDA:0,(anonymous_2)
FNDA:0,(anonymous_3)
FNDA:0,(anonymous_4)
FNDA:0,(anonymous_5)
FNDA:0,(anonymous_6)
FNDA:0,(anonymous_7)
FNDA:0,(anonymous_8)
FNDA:0,(anonymous_9)
FNDA:0,(anonymous_10)
DA:6,0
DA:7,0
DA:15,0
DA:16,0
DA:21,0
DA:24,0
DA:33,0
DA:41,0
DA:42,0
DA:43,0
DA:45,0
DA:53,0
DA:54,0
DA:65,0
DA:66,0
DA:69,0
DA:70,0
DA:71,0
DA:75,0
DA:76,0
DA:80,0
DA:81,0
DA:85,0
DA:86,0
DA:89,0
DA:90,0
DA:95,0
DA:114,0
DA:116,0
DA:117,0
DA:118,0
DA:121,0
DA:124,0
DA:125,0
DA:126,0
DA:127,0
DA:136,0
DA:137,0
DA:138,0
DA:139,0
DA:140,0
DA:144,0
DA:145,0
DA:146,0
DA:148,0
DA:151,0
DA:152,0
DA:162,0
DA:172,0
DA:173,0
DA:174,0
DA:175,0
DA:178,0
DA:181,0
DA:190,0
DA:191,0
DA:199,0
DA:200,0
DA:208,0
DA:209,0
DA:218,0
DA:219,0
DA:227,0
DA:228,0
DA:231,0
LF:65
LH:0
BRDA:42,0,0,0
BRDA:42,0,1,0
BRDA:65,1,0,0
BRDA:65,2,0,0
BRDA:65,3,0,0
BRDA:65,4,0,0
BRDA:69,5,0,0
BRDA:69,5,1,0
BRDA:75,6,0,0
BRDA:75,6,1,0
BRDA:80,7,0,0
BRDA:80,7,1,0
BRDA:85,8,0,0
BRDA:85,8,1,0
BRDA:114,9,0,0
BRDA:117,10,0,0
BRDA:117,10,1,0
BRDA:126,11,0,0
BRDA:126,11,1,0
BRDA:137,12,0,0
BRDA:137,12,1,0
BRDA:137,13,0,0
BRDA:137,13,1,0
BRDA:139,14,0,0
BRDA:139,14,1,0
BRDA:139,15,0,0
BRDA:139,15,1,0
BRDA:151,16,0,0
BRDA:151,16,1,0
BRDA:172,17,0,0
BRDA:174,18,0,0
BRDA:174,18,1,0
BRF:32
BRH:0
end_of_record
TN:
SF:src\utils\errors.js
FN:10,(anonymous_0)
FN:22,(anonymous_1)
FN:32,(anonymous_2)
FN:42,(anonymous_3)
FN:52,(anonymous_4)
FN:62,(anonymous_5)
FN:72,(anonymous_6)
FN:82,(anonymous_7)
FN:95,(anonymous_8)
FNF:9
FNH:0
FNDA:0,(anonymous_0)
FNDA:0,(anonymous_1)
FNDA:0,(anonymous_2)
FNDA:0,(anonymous_3)
FNDA:0,(anonymous_4)
FNDA:0,(anonymous_5)
FNDA:0,(anonymous_6)
FNDA:0,(anonymous_7)
FNDA:0,(anonymous_8)
DA:11,0
DA:12,0
DA:13,0
DA:14,0
DA:23,0
DA:24,0
DA:33,0
DA:34,0
DA:43,0
DA:44,0
DA:53,0
DA:54,0
DA:63,0
DA:64,0
DA:73,0
DA:74,0
DA:83,0
DA:84,0
DA:95,0
DA:96,0
DA:97,0
DA:104,0
DA:105,0
DA:106,0
DA:109,0
DA:112,0
LF:26
LH:0
BRDA:10,0,0,0
BRDA:22,1,0,0
BRDA:32,2,0,0
BRDA:42,3,0,0
BRDA:52,4,0,0
BRDA:62,5,0,0
BRDA:72,6,0,0
BRDA:82,7,0,0
BRDA:96,8,0,0
BRDA:96,8,1,0
BRDA:99,9,0,0
BRDA:99,9,1,0
BRDA:100,10,0,0
BRDA:100,10,1,0
BRDA:105,11,0,0
BRDA:105,11,1,0
BRF:16
BRH:0
end_of_record
TN:
SF:src\utils\index.js
FNF:0
FNH:0
DA:6,0
DA:8,0
LF:2
LH:0
BRF:0
BRH:0
end_of_record
TN:
SF:src\utils\logger.js
FN:11,(anonymous_0)
FN:13,(anonymous_1)
FN:29,(anonymous_2)
FN:53,(anonymous_3)
FN:84,(anonymous_4)
FNF:5
FNH:0
FNDA:0,(anonymous_0)
FNDA:0,(anonymous_1)
FNDA:0,(anonymous_2)
FNDA:0,(anonymous_3)
FNDA:0,(anonymous_4)
DA:6,0
DA:7,0
DA:11,0
DA:12,0
DA:13,0
DA:14,0
DA:15,0
DA:16,0
DA:18,0
DA:20,0
DA:25,0
DA:31,0
DA:32,0
DA:33,0
DA:34,0
DA:36,0
DA:44,0
DA:55,0
DA:56,0
DA:57,0
DA:61,0
DA:63,0
DA:83,0
DA:85,0
DA:89,0
LF:25
LH:0
BRDA:14,0,0,0
BRDA:14,0,1,0
BRDA:14,1,0,0
BRDA:14,1,1,0
BRDA:15,2,0,0
BRDA:15,2,1,0
BRDA:31,3,0,0
BRDA:31,3,1,0
BRDA:31,4,0,0
BRDA:31,4,1,0
BRDA:45,5,0,0
BRDA:45,5,1,0
BRDA:57,6,0,0
BRDA:57,6,1,0
BRF:14
BRH:0
end_of_record
